<?xml version="1.0" encoding="UTF-8"?>
<coverage generated="1643068135652" clover="3.2.0">
  <project timestamp="1643068135652" name="All files">
    <metrics statements="282" coveredstatements="258" conditionals="47" coveredconditionals="41" methods="31" coveredmethods="31" elements="360" coveredelements="330" complexity="0" loc="282" ncloc="282" packages="1" files="5" classes="5"/>
    <file name="Board.ts" path="/Users/akmalanvarov/Projects/war-game-rest/src/Board.ts">
      <metrics statements="20" coveredstatements="20" conditionals="5" coveredconditionals="5" methods="4" coveredmethods="4"/>
      <line num="1" count="2" type="stmt"/>
      <line num="2" count="2" type="stmt"/>
      <line num="3" count="4" type="cond" truecount="1" falsecount="0"/>
      <line num="4" count="4" type="stmt"/>
      <line num="5" count="4" type="cond" truecount="1" falsecount="0"/>
      <line num="6" count="28" type="stmt"/>
      <line num="7" count="28" type="stmt"/>
      <line num="8" count="4" type="cond" truecount="1" falsecount="0"/>
      <line num="9" count="32" type="stmt"/>
      <line num="10" count="32" type="stmt"/>
      <line num="11" count="4" type="stmt"/>
      <line num="12" count="4" type="cond" truecount="1" falsecount="0"/>
      <line num="13" count="14" type="stmt"/>
      <line num="14" count="14" type="stmt"/>
      <line num="15" count="4" type="cond" truecount="1" falsecount="0"/>
      <line num="16" count="14" type="stmt"/>
      <line num="17" count="14" type="stmt"/>
      <line num="18" count="14" type="stmt"/>
      <line num="19" count="14" type="stmt"/>
      <line num="20" count="4" type="stmt"/>
    </file>
    <file name="Deck.ts" path="/Users/akmalanvarov/Projects/war-game-rest/src/Deck.ts">
      <metrics statements="38" coveredstatements="38" conditionals="9" coveredconditionals="9" methods="5" coveredmethods="5"/>
      <line num="1" count="2" type="stmt"/>
      <line num="2" count="2" type="stmt"/>
      <line num="3" count="2" type="stmt"/>
      <line num="4" count="2" type="stmt"/>
      <line num="5" count="2" type="stmt"/>
      <line num="6" count="6" type="cond" truecount="1" falsecount="0"/>
      <line num="7" count="6" type="stmt"/>
      <line num="8" count="6" type="cond" truecount="1" falsecount="0"/>
      <line num="9" count="94" type="stmt"/>
      <line num="10" count="94" type="stmt"/>
      <line num="11" count="6" type="cond" truecount="1" falsecount="0"/>
      <line num="12" count="102" type="stmt"/>
      <line num="13" count="102" type="stmt"/>
      <line num="14" count="6" type="stmt"/>
      <line num="15" count="6" type="cond" truecount="1" falsecount="0"/>
      <line num="16" count="66" type="cond" truecount="2" falsecount="0"/>
      <line num="17" count="66" type="stmt"/>
      <line num="18" count="6" type="cond" truecount="1" falsecount="0"/>
      <line num="19" count="8" type="stmt"/>
      <line num="20" count="8" type="stmt"/>
      <line num="21" count="8" type="stmt"/>
      <line num="22" count="8" type="cond" truecount="1" falsecount="0"/>
      <line num="23" count="222" type="stmt"/>
      <line num="24" count="222" type="stmt"/>
      <line num="25" count="222" type="stmt"/>
      <line num="26" count="222" type="stmt"/>
      <line num="27" count="222" type="stmt"/>
      <line num="28" count="222" type="stmt"/>
      <line num="29" count="222" type="stmt"/>
      <line num="30" count="8" type="stmt"/>
      <line num="31" count="8" type="stmt"/>
      <line num="32" count="8" type="stmt"/>
      <line num="33" count="6" type="stmt"/>
      <line num="34" count="6" type="cond" truecount="1" falsecount="0"/>
      <line num="35" count="6" type="stmt"/>
      <line num="36" count="6" type="stmt"/>
      <line num="37" count="6" type="stmt"/>
      <line num="38" count="6" type="stmt"/>
    </file>
    <file name="Game.ts" path="/Users/akmalanvarov/Projects/war-game-rest/src/Game.ts">
      <metrics statements="115" coveredstatements="91" conditionals="22" coveredconditionals="16" methods="14" coveredmethods="14"/>
      <line num="1" count="2" type="stmt"/>
      <line num="2" count="2" type="stmt"/>
      <line num="3" count="2" type="stmt"/>
      <line num="4" count="2" type="cond" truecount="1" falsecount="0"/>
      <line num="5" count="2" type="stmt"/>
      <line num="6" count="2" type="stmt"/>
      <line num="7" count="2" type="stmt"/>
      <line num="8" count="2" type="stmt"/>
      <line num="9" count="2" type="stmt"/>
      <line num="10" count="2" type="cond" truecount="1" falsecount="0"/>
      <line num="11" count="10" type="stmt"/>
      <line num="12" count="10" type="stmt"/>
      <line num="13" count="2" type="cond" truecount="1" falsecount="0"/>
      <line num="14" count="10" type="stmt"/>
      <line num="15" count="10" type="stmt"/>
      <line num="16" count="2" type="cond" truecount="1" falsecount="0"/>
      <line num="17" count="16" type="stmt"/>
      <line num="18" count="16" type="stmt"/>
      <line num="19" count="2" type="cond" truecount="1" falsecount="0"/>
      <line num="20" count="10" type="stmt"/>
      <line num="21" count="10" type="stmt"/>
      <line num="22" count="2" type="stmt"/>
      <line num="23" count="2" type="cond" truecount="1" falsecount="0"/>
      <line num="24" count="6" type="stmt"/>
      <line num="25" count="6" type="stmt"/>
      <line num="26" count="2" type="cond" truecount="1" falsecount="0"/>
      <line num="27" count="16" type="stmt"/>
      <line num="28" count="16" type="stmt"/>
      <line num="29" count="2" type="cond" truecount="1" falsecount="0"/>
      <line num="30" count="26" type="stmt"/>
      <line num="31" count="26" type="stmt"/>
      <line num="32" count="2" type="cond" truecount="1" falsecount="0"/>
      <line num="33" count="10" type="stmt"/>
      <line num="34" count="10" type="stmt"/>
      <line num="35" count="2" type="cond" truecount="1" falsecount="0"/>
      <line num="36" count="6" type="stmt"/>
      <line num="37" count="6" type="stmt"/>
      <line num="38" count="2" type="cond" truecount="1" falsecount="0"/>
      <line num="39" count="10" type="stmt"/>
      <line num="40" count="10" type="stmt"/>
      <line num="41" count="2" type="stmt"/>
      <line num="42" count="2" type="cond" truecount="1" falsecount="0"/>
      <line num="43" count="10" type="stmt"/>
      <line num="44" count="10" type="stmt"/>
      <line num="45" count="10" type="stmt"/>
      <line num="46" count="10" type="stmt"/>
      <line num="47" count="10" type="stmt"/>
      <line num="48" count="10" type="stmt"/>
      <line num="49" count="2" type="cond" truecount="1" falsecount="0"/>
      <line num="50" count="12" type="stmt"/>
      <line num="51" count="12" type="cond" truecount="0" falsecount="1"/>
      <line num="52" count="0" type="stmt"/>
      <line num="53" count="0" type="stmt"/>
      <line num="54" count="0" type="stmt"/>
      <line num="55" count="0" type="stmt"/>
      <line num="56" count="12" type="stmt"/>
      <line num="57" count="12" type="stmt"/>
      <line num="58" count="2" type="cond" truecount="1" falsecount="0"/>
      <line num="59" count="2" type="stmt"/>
      <line num="60" count="2" type="stmt"/>
      <line num="61" count="2" type="stmt"/>
      <line num="62" count="2" type="cond" truecount="0" falsecount="1"/>
      <line num="63" count="2" type="stmt"/>
      <line num="64" count="2" type="stmt"/>
      <line num="65" count="2" type="cond" truecount="0" falsecount="1"/>
      <line num="66" count="2" type="stmt"/>
      <line num="67" count="2" type="stmt"/>
      <line num="68" count="2" type="stmt"/>
      <line num="69" count="2" type="cond" truecount="0" falsecount="1"/>
      <line num="70" count="0" type="stmt"/>
      <line num="71" count="0" type="stmt"/>
      <line num="72" count="0" type="stmt"/>
      <line num="73" count="0" type="stmt"/>
      <line num="74" count="0" type="stmt"/>
      <line num="75" count="0" type="stmt"/>
      <line num="76" count="0" type="stmt"/>
      <line num="77" count="0" type="stmt"/>
      <line num="78" count="0" type="stmt"/>
      <line num="79" count="0" type="stmt"/>
      <line num="80" count="0" type="stmt"/>
      <line num="81" count="0" type="stmt"/>
      <line num="82" count="0" type="stmt"/>
      <line num="83" count="0" type="stmt"/>
      <line num="84" count="2" type="cond" truecount="0" falsecount="1"/>
      <line num="85" count="0" type="stmt"/>
      <line num="86" count="0" type="stmt"/>
      <line num="87" count="0" type="stmt"/>
      <line num="88" count="2" type="stmt"/>
      <line num="89" count="2" type="stmt"/>
      <line num="90" count="2" type="cond" truecount="1" falsecount="0"/>
      <line num="91" count="4" type="stmt"/>
      <line num="92" count="4" type="stmt"/>
      <line num="93" count="4" type="stmt"/>
      <line num="94" count="4" type="stmt"/>
      <line num="95" count="4" type="stmt"/>
      <line num="96" count="4" type="stmt"/>
      <line num="97" count="4" type="cond" truecount="1" falsecount="0"/>
      <line num="98" count="2" type="stmt"/>
      <line num="99" count="2" type="stmt"/>
      <line num="100" count="2" type="stmt"/>
      <line num="101" count="2" type="stmt"/>
      <line num="102" count="2" type="stmt"/>
      <line num="103" count="2" type="stmt"/>
      <line num="104" count="2" type="stmt"/>
      <line num="105" count="2" type="stmt"/>
      <line num="106" count="2" type="stmt"/>
      <line num="107" count="2" type="stmt"/>
      <line num="108" count="2" type="stmt"/>
      <line num="109" count="2" type="stmt"/>
      <line num="110" count="2" type="cond" truecount="0" falsecount="1"/>
      <line num="111" count="0" type="stmt"/>
      <line num="112" count="0" type="stmt"/>
      <line num="113" count="0" type="stmt"/>
      <line num="114" count="4" type="stmt"/>
      <line num="115" count="2" type="stmt"/>
    </file>
    <file name="Player.ts" path="/Users/akmalanvarov/Projects/war-game-rest/src/Player.ts">
      <metrics statements="48" coveredstatements="48" conditionals="11" coveredconditionals="11" methods="8" coveredmethods="8"/>
      <line num="1" count="2" type="stmt"/>
      <line num="2" count="2" type="stmt"/>
      <line num="3" count="2" type="stmt"/>
      <line num="4" count="4" type="cond" truecount="1" falsecount="0"/>
      <line num="5" count="4" type="stmt"/>
      <line num="6" count="4" type="stmt"/>
      <line num="7" count="4" type="stmt"/>
      <line num="8" count="4" type="cond" truecount="1" falsecount="0"/>
      <line num="9" count="96" type="stmt"/>
      <line num="10" count="96" type="stmt"/>
      <line num="11" count="4" type="cond" truecount="1" falsecount="0"/>
      <line num="12" count="30" type="stmt"/>
      <line num="13" count="30" type="stmt"/>
      <line num="14" count="4" type="cond" truecount="1" falsecount="0"/>
      <line num="15" count="6" type="stmt"/>
      <line num="16" count="6" type="stmt"/>
      <line num="17" count="4" type="cond" truecount="1" falsecount="0"/>
      <line num="18" count="30" type="stmt"/>
      <line num="19" count="30" type="stmt"/>
      <line num="20" count="4" type="cond" truecount="1" falsecount="0"/>
      <line num="21" count="18" type="stmt"/>
      <line num="22" count="18" type="stmt"/>
      <line num="23" count="4" type="cond" truecount="1" falsecount="0"/>
      <line num="24" count="30" type="stmt"/>
      <line num="25" count="30" type="stmt"/>
      <line num="26" count="4" type="stmt"/>
      <line num="27" count="4" type="cond" truecount="1" falsecount="0"/>
      <line num="28" count="30" type="stmt"/>
      <line num="29" count="30" type="stmt"/>
      <line num="30" count="30" type="stmt"/>
      <line num="31" count="30" type="stmt"/>
      <line num="32" count="4" type="stmt"/>
      <line num="33" count="4" type="cond" truecount="1" falsecount="0"/>
      <line num="34" count="20" type="cond" truecount="1" falsecount="0"/>
      <line num="35" count="4" type="stmt"/>
      <line num="36" count="4" type="stmt"/>
      <line num="37" count="4" type="stmt"/>
      <line num="38" count="4" type="stmt"/>
      <line num="39" count="4" type="stmt"/>
      <line num="40" count="4" type="stmt"/>
      <line num="41" count="4" type="stmt"/>
      <line num="42" count="4" type="stmt"/>
      <line num="43" count="20" type="stmt"/>
      <line num="44" count="20" type="cond" truecount="1" falsecount="0"/>
      <line num="45" count="20" type="stmt"/>
      <line num="46" count="20" type="stmt"/>
      <line num="47" count="20" type="stmt"/>
      <line num="48" count="4" type="stmt"/>
    </file>
    <file name="deckCards.ts" path="/Users/akmalanvarov/Projects/war-game-rest/src/deckCards.ts">
      <metrics statements="61" coveredstatements="61" conditionals="0" coveredconditionals="0" methods="0" coveredmethods="0"/>
      <line num="1" count="2" type="stmt"/>
      <line num="2" count="2" type="stmt"/>
      <line num="3" count="2" type="stmt"/>
      <line num="4" count="2" type="stmt"/>
      <line num="5" count="2" type="stmt"/>
      <line num="6" count="2" type="stmt"/>
      <line num="7" count="2" type="stmt"/>
      <line num="8" count="2" type="stmt"/>
      <line num="9" count="2" type="stmt"/>
      <line num="10" count="2" type="stmt"/>
      <line num="11" count="2" type="stmt"/>
      <line num="12" count="2" type="stmt"/>
      <line num="13" count="2" type="stmt"/>
      <line num="14" count="2" type="stmt"/>
      <line num="15" count="2" type="stmt"/>
      <line num="16" count="2" type="stmt"/>
      <line num="17" count="2" type="stmt"/>
      <line num="18" count="2" type="stmt"/>
      <line num="19" count="2" type="stmt"/>
      <line num="20" count="2" type="stmt"/>
      <line num="21" count="2" type="stmt"/>
      <line num="22" count="2" type="stmt"/>
      <line num="23" count="2" type="stmt"/>
      <line num="24" count="2" type="stmt"/>
      <line num="25" count="2" type="stmt"/>
      <line num="26" count="2" type="stmt"/>
      <line num="27" count="2" type="stmt"/>
      <line num="28" count="2" type="stmt"/>
      <line num="29" count="2" type="stmt"/>
      <line num="30" count="2" type="stmt"/>
      <line num="31" count="2" type="stmt"/>
      <line num="32" count="2" type="stmt"/>
      <line num="33" count="2" type="stmt"/>
      <line num="34" count="2" type="stmt"/>
      <line num="35" count="2" type="stmt"/>
      <line num="36" count="2" type="stmt"/>
      <line num="37" count="2" type="stmt"/>
      <line num="38" count="2" type="stmt"/>
      <line num="39" count="2" type="stmt"/>
      <line num="40" count="2" type="stmt"/>
      <line num="41" count="2" type="stmt"/>
      <line num="42" count="2" type="stmt"/>
      <line num="43" count="2" type="stmt"/>
      <line num="44" count="2" type="stmt"/>
      <line num="45" count="2" type="stmt"/>
      <line num="46" count="2" type="stmt"/>
      <line num="47" count="2" type="stmt"/>
      <line num="48" count="2" type="stmt"/>
      <line num="49" count="2" type="stmt"/>
      <line num="50" count="2" type="stmt"/>
      <line num="51" count="2" type="stmt"/>
      <line num="52" count="2" type="stmt"/>
      <line num="53" count="2" type="stmt"/>
      <line num="54" count="2" type="stmt"/>
      <line num="55" count="2" type="stmt"/>
      <line num="56" count="2" type="stmt"/>
      <line num="57" count="2" type="stmt"/>
      <line num="58" count="2" type="stmt"/>
      <line num="59" count="2" type="stmt"/>
      <line num="60" count="2" type="stmt"/>
      <line num="61" count="2" type="stmt"/>
    </file>
  </project>
</coverage>
