{
  "/Users/akmalanvarov/Projects/war-game-rest/src/Board.ts": {
    "path": "/Users/akmalanvarov/Projects/war-game-rest/src/Board.ts",
    "all": false,
    "statementMap": {
      "0": {
        "start": { "line": 1, "column": 0 },
        "end": { "line": 1, "column": 36 }
      },
      "1": {
        "start": { "line": 2, "column": 0 },
        "end": { "line": 2, "column": 0 }
      },
      "2": {
        "start": { "line": 3, "column": 0 },
        "end": { "line": 3, "column": 20 }
      },
      "3": {
        "start": { "line": 4, "column": 0 },
        "end": { "line": 4, "column": 38 }
      },
      "4": {
        "start": { "line": 5, "column": 0 },
        "end": { "line": 5, "column": 29 }
      },
      "5": {
        "start": { "line": 6, "column": 0 },
        "end": { "line": 6, "column": 30 }
      },
      "6": {
        "start": { "line": 7, "column": 0 },
        "end": { "line": 7, "column": 3 }
      },
      "7": {
        "start": { "line": 8, "column": 0 },
        "end": { "line": 8, "column": 34 }
      },
      "8": {
        "start": { "line": 9, "column": 0 },
        "end": { "line": 9, "column": 31 }
      },
      "9": {
        "start": { "line": 10, "column": 0 },
        "end": { "line": 10, "column": 3 }
      },
      "10": {
        "start": { "line": 11, "column": 0 },
        "end": { "line": 11, "column": 0 }
      },
      "11": {
        "start": { "line": 12, "column": 0 },
        "end": { "line": 12, "column": 24 }
      },
      "12": {
        "start": { "line": 13, "column": 0 },
        "end": { "line": 13, "column": 27 }
      },
      "13": {
        "start": { "line": 14, "column": 0 },
        "end": { "line": 14, "column": 3 }
      },
      "14": {
        "start": { "line": 15, "column": 0 },
        "end": { "line": 15, "column": 49 }
      },
      "15": {
        "start": { "line": 16, "column": 0 },
        "end": { "line": 16, "column": 42 }
      },
      "16": {
        "start": { "line": 17, "column": 0 },
        "end": { "line": 17, "column": 51 }
      },
      "17": {
        "start": { "line": 18, "column": 0 },
        "end": { "line": 18, "column": 38 }
      },
      "18": {
        "start": { "line": 19, "column": 0 },
        "end": { "line": 19, "column": 3 }
      },
      "19": {
        "start": { "line": 20, "column": 0 },
        "end": { "line": 20, "column": 1 }
      }
    },
    "s": {
      "0": 1,
      "1": 1,
      "2": 2,
      "3": 2,
      "4": 2,
      "5": 14,
      "6": 14,
      "7": 2,
      "8": 16,
      "9": 16,
      "10": 2,
      "11": 2,
      "12": 7,
      "13": 7,
      "14": 2,
      "15": 7,
      "16": 7,
      "17": 7,
      "18": 7,
      "19": 2
    },
    "branchMap": {
      "0": {
        "type": "branch",
        "line": 3,
        "loc": {
          "start": { "line": 3, "column": 0 },
          "end": { "line": 20, "column": 1 }
        },
        "locations": [
          {
            "start": { "line": 3, "column": 0 },
            "end": { "line": 20, "column": 1 }
          }
        ]
      },
      "1": {
        "type": "branch",
        "line": 12,
        "loc": {
          "start": { "line": 12, "column": 2 },
          "end": { "line": 14, "column": 3 }
        },
        "locations": [
          {
            "start": { "line": 12, "column": 2 },
            "end": { "line": 14, "column": 3 }
          }
        ]
      },
      "2": {
        "type": "branch",
        "line": 5,
        "loc": {
          "start": { "line": 5, "column": 2 },
          "end": { "line": 7, "column": 3 }
        },
        "locations": [
          {
            "start": { "line": 5, "column": 2 },
            "end": { "line": 7, "column": 3 }
          }
        ]
      },
      "3": {
        "type": "branch",
        "line": 8,
        "loc": {
          "start": { "line": 8, "column": 2 },
          "end": { "line": 10, "column": 3 }
        },
        "locations": [
          {
            "start": { "line": 8, "column": 2 },
            "end": { "line": 10, "column": 3 }
          }
        ]
      },
      "4": {
        "type": "branch",
        "line": 15,
        "loc": {
          "start": { "line": 15, "column": 2 },
          "end": { "line": 19, "column": 3 }
        },
        "locations": [
          {
            "start": { "line": 15, "column": 2 },
            "end": { "line": 19, "column": 3 }
          }
        ]
      }
    },
    "b": { "0": [2], "1": [7], "2": [14], "3": [16], "4": [7] },
    "fnMap": {
      "0": {
        "name": "Board",
        "decl": {
          "start": { "line": 12, "column": 2 },
          "end": { "line": 14, "column": 3 }
        },
        "loc": {
          "start": { "line": 12, "column": 2 },
          "end": { "line": 14, "column": 3 }
        },
        "line": 12
      },
      "1": {
        "name": "get",
        "decl": {
          "start": { "line": 5, "column": 2 },
          "end": { "line": 7, "column": 3 }
        },
        "loc": {
          "start": { "line": 5, "column": 2 },
          "end": { "line": 7, "column": 3 }
        },
        "line": 5
      },
      "2": {
        "name": "set",
        "decl": {
          "start": { "line": 8, "column": 2 },
          "end": { "line": 10, "column": 3 }
        },
        "loc": {
          "start": { "line": 8, "column": 2 },
          "end": { "line": 10, "column": 3 }
        },
        "line": 8
      },
      "3": {
        "name": "Object.<anonymous>.Board.addToBoard",
        "decl": {
          "start": { "line": 15, "column": 2 },
          "end": { "line": 19, "column": 3 }
        },
        "loc": {
          "start": { "line": 15, "column": 2 },
          "end": { "line": 19, "column": 3 }
        },
        "line": 15
      }
    },
    "f": { "0": 7, "1": 14, "2": 16, "3": 7 }
  },
  "/Users/akmalanvarov/Projects/war-game-rest/src/Deck.ts": {
    "path": "/Users/akmalanvarov/Projects/war-game-rest/src/Deck.ts",
    "all": false,
    "statementMap": {
      "0": {
        "start": { "line": 1, "column": 0 },
        "end": { "line": 1, "column": 24 }
      },
      "1": {
        "start": { "line": 2, "column": 0 },
        "end": { "line": 2, "column": 15 }
      },
      "2": {
        "start": { "line": 3, "column": 0 },
        "end": { "line": 3, "column": 16 }
      },
      "3": {
        "start": { "line": 4, "column": 0 },
        "end": { "line": 4, "column": 1 }
      },
      "4": {
        "start": { "line": 5, "column": 0 },
        "end": { "line": 5, "column": 0 }
      },
      "5": {
        "start": { "line": 6, "column": 0 },
        "end": { "line": 6, "column": 19 }
      },
      "6": {
        "start": { "line": 7, "column": 0 },
        "end": { "line": 7, "column": 31 }
      },
      "7": {
        "start": { "line": 8, "column": 0 },
        "end": { "line": 8, "column": 36 }
      },
      "8": {
        "start": { "line": 9, "column": 0 },
        "end": { "line": 9, "column": 23 }
      },
      "9": {
        "start": { "line": 10, "column": 0 },
        "end": { "line": 10, "column": 3 }
      },
      "10": {
        "start": { "line": 11, "column": 0 },
        "end": { "line": 11, "column": 41 }
      },
      "11": {
        "start": { "line": 12, "column": 0 },
        "end": { "line": 12, "column": 24 }
      },
      "12": {
        "start": { "line": 13, "column": 0 },
        "end": { "line": 13, "column": 3 }
      },
      "13": {
        "start": { "line": 14, "column": 0 },
        "end": { "line": 14, "column": 0 }
      },
      "14": {
        "start": { "line": 15, "column": 0 },
        "end": { "line": 15, "column": 44 }
      },
      "15": {
        "start": { "line": 16, "column": 0 },
        "end": { "line": 16, "column": 36 }
      },
      "16": {
        "start": { "line": 17, "column": 0 },
        "end": { "line": 17, "column": 3 }
      },
      "17": {
        "start": { "line": 18, "column": 0 },
        "end": { "line": 18, "column": 57 }
      },
      "18": {
        "start": { "line": 19, "column": 0 },
        "end": { "line": 19, "column": 23 }
      },
      "19": {
        "start": { "line": 20, "column": 0 },
        "end": { "line": 20, "column": 35 }
      },
      "20": {
        "start": { "line": 21, "column": 0 },
        "end": { "line": 21, "column": 18 }
      },
      "21": {
        "start": { "line": 22, "column": 0 },
        "end": { "line": 22, "column": 31 }
      },
      "22": {
        "start": { "line": 23, "column": 0 },
        "end": { "line": 23, "column": 61 }
      },
      "23": {
        "start": { "line": 24, "column": 0 },
        "end": { "line": 24, "column": 21 }
      },
      "24": {
        "start": { "line": 25, "column": 0 },
        "end": { "line": 25, "column": 49 }
      },
      "25": {
        "start": { "line": 26, "column": 0 },
        "end": { "line": 26, "column": 26 }
      },
      "26": {
        "start": { "line": 27, "column": 0 },
        "end": { "line": 27, "column": 27 }
      },
      "27": {
        "start": { "line": 28, "column": 0 },
        "end": { "line": 28, "column": 8 }
      },
      "28": {
        "start": { "line": 29, "column": 0 },
        "end": { "line": 29, "column": 5 }
      },
      "29": {
        "start": { "line": 30, "column": 0 },
        "end": { "line": 30, "column": 0 }
      },
      "30": {
        "start": { "line": 31, "column": 0 },
        "end": { "line": 31, "column": 16 }
      },
      "31": {
        "start": { "line": 32, "column": 0 },
        "end": { "line": 32, "column": 3 }
      },
      "32": {
        "start": { "line": 33, "column": 0 },
        "end": { "line": 33, "column": 0 }
      },
      "33": {
        "start": { "line": 34, "column": 0 },
        "end": { "line": 34, "column": 45 }
      },
      "34": {
        "start": { "line": 35, "column": 0 },
        "end": { "line": 35, "column": 40 }
      },
      "35": {
        "start": { "line": 36, "column": 0 },
        "end": { "line": 36, "column": 49 }
      },
      "36": {
        "start": { "line": 37, "column": 0 },
        "end": { "line": 37, "column": 3 }
      },
      "37": {
        "start": { "line": 38, "column": 0 },
        "end": { "line": 38, "column": 1 }
      }
    },
    "s": {
      "0": 1,
      "1": 1,
      "2": 1,
      "3": 1,
      "4": 1,
      "5": 3,
      "6": 3,
      "7": 3,
      "8": 47,
      "9": 47,
      "10": 3,
      "11": 51,
      "12": 51,
      "13": 3,
      "14": 3,
      "15": 33,
      "16": 33,
      "17": 3,
      "18": 4,
      "19": 4,
      "20": 4,
      "21": 4,
      "22": 111,
      "23": 111,
      "24": 111,
      "25": 111,
      "26": 111,
      "27": 111,
      "28": 111,
      "29": 4,
      "30": 4,
      "31": 4,
      "32": 3,
      "33": 3,
      "34": 3,
      "35": 3,
      "36": 3,
      "37": 3
    },
    "branchMap": {
      "0": {
        "type": "branch",
        "line": 6,
        "loc": {
          "start": { "line": 6, "column": 0 },
          "end": { "line": 38, "column": 1 }
        },
        "locations": [
          {
            "start": { "line": 6, "column": 0 },
            "end": { "line": 38, "column": 1 }
          }
        ]
      },
      "1": {
        "type": "branch",
        "line": 15,
        "loc": {
          "start": { "line": 15, "column": 2 },
          "end": { "line": 17, "column": 3 }
        },
        "locations": [
          {
            "start": { "line": 15, "column": 2 },
            "end": { "line": 17, "column": 3 }
          }
        ]
      },
      "2": {
        "type": "branch",
        "line": 16,
        "loc": {
          "start": { "line": 16, "column": 23 },
          "end": { "line": 16, "column": 30 }
        },
        "locations": [
          {
            "start": { "line": 16, "column": 23 },
            "end": { "line": 16, "column": 30 }
          }
        ]
      },
      "3": {
        "type": "branch",
        "line": 16,
        "loc": {
          "start": { "line": 16, "column": 31 },
          "end": { "line": 16, "column": 35 }
        },
        "locations": [
          {
            "start": { "line": 16, "column": 31 },
            "end": { "line": 16, "column": 35 }
          }
        ]
      },
      "4": {
        "type": "branch",
        "line": 8,
        "loc": {
          "start": { "line": 8, "column": 2 },
          "end": { "line": 10, "column": 3 }
        },
        "locations": [
          {
            "start": { "line": 8, "column": 2 },
            "end": { "line": 10, "column": 3 }
          }
        ]
      },
      "5": {
        "type": "branch",
        "line": 11,
        "loc": {
          "start": { "line": 11, "column": 2 },
          "end": { "line": 13, "column": 3 }
        },
        "locations": [
          {
            "start": { "line": 11, "column": 2 },
            "end": { "line": 13, "column": 3 }
          }
        ]
      },
      "6": {
        "type": "branch",
        "line": 18,
        "loc": {
          "start": { "line": 18, "column": 2 },
          "end": { "line": 32, "column": 3 }
        },
        "locations": [
          {
            "start": { "line": 18, "column": 2 },
            "end": { "line": 32, "column": 3 }
          }
        ]
      },
      "7": {
        "type": "branch",
        "line": 22,
        "loc": {
          "start": { "line": 22, "column": 30 },
          "end": { "line": 29, "column": 5 }
        },
        "locations": [
          {
            "start": { "line": 22, "column": 30 },
            "end": { "line": 29, "column": 5 }
          }
        ]
      },
      "8": {
        "type": "branch",
        "line": 34,
        "loc": {
          "start": { "line": 34, "column": 2 },
          "end": { "line": 37, "column": 3 }
        },
        "locations": [
          {
            "start": { "line": 34, "column": 2 },
            "end": { "line": 37, "column": 3 }
          }
        ]
      }
    },
    "b": {
      "0": [3],
      "1": [33],
      "2": [32],
      "3": [1],
      "4": [47],
      "5": [51],
      "6": [4],
      "7": [111],
      "8": [3]
    },
    "fnMap": {
      "0": {
        "name": "Deck",
        "decl": {
          "start": { "line": 15, "column": 2 },
          "end": { "line": 17, "column": 3 }
        },
        "loc": {
          "start": { "line": 15, "column": 2 },
          "end": { "line": 17, "column": 3 }
        },
        "line": 15
      },
      "1": {
        "name": "get",
        "decl": {
          "start": { "line": 8, "column": 2 },
          "end": { "line": 10, "column": 3 }
        },
        "loc": {
          "start": { "line": 8, "column": 2 },
          "end": { "line": 10, "column": 3 }
        },
        "line": 8
      },
      "2": {
        "name": "set",
        "decl": {
          "start": { "line": 11, "column": 2 },
          "end": { "line": 13, "column": 3 }
        },
        "loc": {
          "start": { "line": 11, "column": 2 },
          "end": { "line": 13, "column": 3 }
        },
        "line": 11
      },
      "3": {
        "name": "Object.<anonymous>.Deck.shuffleDeck",
        "decl": {
          "start": { "line": 18, "column": 2 },
          "end": { "line": 32, "column": 3 }
        },
        "loc": {
          "start": { "line": 18, "column": 2 },
          "end": { "line": 32, "column": 3 }
        },
        "line": 18
      },
      "4": {
        "name": "Object.<anonymous>.Deck.addToDeck",
        "decl": {
          "start": { "line": 34, "column": 2 },
          "end": { "line": 37, "column": 3 }
        },
        "loc": {
          "start": { "line": 34, "column": 2 },
          "end": { "line": 37, "column": 3 }
        },
        "line": 34
      }
    },
    "f": { "0": 33, "1": 47, "2": 51, "3": 4, "4": 3 }
  },
  "/Users/akmalanvarov/Projects/war-game-rest/src/Game.ts": {
    "path": "/Users/akmalanvarov/Projects/war-game-rest/src/Game.ts",
    "all": false,
    "statementMap": {
      "0": {
        "start": { "line": 1, "column": 0 },
        "end": { "line": 1, "column": 32 }
      },
      "1": {
        "start": { "line": 2, "column": 0 },
        "end": { "line": 2, "column": 36 }
      },
      "2": {
        "start": { "line": 3, "column": 0 },
        "end": { "line": 3, "column": 34 }
      },
      "3": {
        "start": { "line": 4, "column": 0 },
        "end": { "line": 4, "column": 0 }
      },
      "4": {
        "start": { "line": 5, "column": 0 },
        "end": { "line": 5, "column": 27 }
      },
      "5": {
        "start": { "line": 6, "column": 0 },
        "end": { "line": 6, "column": 17 }
      },
      "6": {
        "start": { "line": 7, "column": 0 },
        "end": { "line": 7, "column": 17 }
      },
      "7": {
        "start": { "line": 8, "column": 0 },
        "end": { "line": 8, "column": 1 }
      },
      "8": {
        "start": { "line": 9, "column": 0 },
        "end": { "line": 9, "column": 19 }
      },
      "9": {
        "start": { "line": 10, "column": 0 },
        "end": { "line": 10, "column": 38 }
      },
      "10": {
        "start": { "line": 11, "column": 0 },
        "end": { "line": 11, "column": 24 }
      },
      "11": {
        "start": { "line": 12, "column": 0 },
        "end": { "line": 12, "column": 29 }
      },
      "12": {
        "start": { "line": 13, "column": 0 },
        "end": { "line": 13, "column": 29 }
      },
      "13": {
        "start": { "line": 14, "column": 0 },
        "end": { "line": 14, "column": 31 }
      },
      "14": {
        "start": { "line": 15, "column": 0 },
        "end": { "line": 15, "column": 36 }
      },
      "15": {
        "start": { "line": 16, "column": 0 },
        "end": { "line": 16, "column": 25 }
      },
      "16": {
        "start": { "line": 17, "column": 0 },
        "end": { "line": 17, "column": 3 }
      },
      "17": {
        "start": { "line": 18, "column": 0 },
        "end": { "line": 18, "column": 41 }
      },
      "18": {
        "start": { "line": 19, "column": 0 },
        "end": { "line": 19, "column": 26 }
      },
      "19": {
        "start": { "line": 20, "column": 0 },
        "end": { "line": 20, "column": 3 }
      },
      "20": {
        "start": { "line": 21, "column": 0 },
        "end": { "line": 21, "column": 34 }
      },
      "21": {
        "start": { "line": 22, "column": 0 },
        "end": { "line": 22, "column": 27 }
      },
      "22": {
        "start": { "line": 23, "column": 0 },
        "end": { "line": 23, "column": 3 }
      },
      "23": {
        "start": { "line": 24, "column": 0 },
        "end": { "line": 24, "column": 39 }
      },
      "24": {
        "start": { "line": 25, "column": 0 },
        "end": { "line": 25, "column": 28 }
      },
      "25": {
        "start": { "line": 26, "column": 0 },
        "end": { "line": 26, "column": 3 }
      },
      "26": {
        "start": { "line": 27, "column": 0 },
        "end": { "line": 27, "column": 34 }
      },
      "27": {
        "start": { "line": 28, "column": 0 },
        "end": { "line": 28, "column": 27 }
      },
      "28": {
        "start": { "line": 29, "column": 0 },
        "end": { "line": 29, "column": 3 }
      },
      "29": {
        "start": { "line": 30, "column": 0 },
        "end": { "line": 30, "column": 39 }
      },
      "30": {
        "start": { "line": 31, "column": 0 },
        "end": { "line": 31, "column": 28 }
      },
      "31": {
        "start": { "line": 32, "column": 0 },
        "end": { "line": 32, "column": 3 }
      },
      "32": {
        "start": { "line": 33, "column": 0 },
        "end": { "line": 33, "column": 39 }
      },
      "33": {
        "start": { "line": 34, "column": 0 },
        "end": { "line": 34, "column": 44 }
      },
      "34": {
        "start": { "line": 35, "column": 0 },
        "end": { "line": 35, "column": 28 }
      },
      "35": {
        "start": { "line": 36, "column": 0 },
        "end": { "line": 36, "column": 3 }
      },
      "36": {
        "start": { "line": 37, "column": 0 },
        "end": { "line": 37, "column": 49 }
      },
      "37": {
        "start": { "line": 38, "column": 0 },
        "end": { "line": 38, "column": 29 }
      },
      "38": {
        "start": { "line": 39, "column": 0 },
        "end": { "line": 39, "column": 3 }
      },
      "39": {
        "start": { "line": 40, "column": 0 },
        "end": { "line": 40, "column": 29 }
      },
      "40": {
        "start": { "line": 41, "column": 0 },
        "end": { "line": 41, "column": 23 }
      },
      "41": {
        "start": { "line": 42, "column": 0 },
        "end": { "line": 42, "column": 3 }
      },
      "42": {
        "start": { "line": 43, "column": 0 },
        "end": { "line": 43, "column": 34 }
      },
      "43": {
        "start": { "line": 44, "column": 0 },
        "end": { "line": 44, "column": 24 }
      },
      "44": {
        "start": { "line": 45, "column": 0 },
        "end": { "line": 45, "column": 3 }
      },
      "45": {
        "start": { "line": 46, "column": 0 },
        "end": { "line": 46, "column": 23 }
      },
      "46": {
        "start": { "line": 47, "column": 0 },
        "end": { "line": 47, "column": 24 }
      },
      "47": {
        "start": { "line": 48, "column": 0 },
        "end": { "line": 48, "column": 3 }
      },
      "48": {
        "start": { "line": 49, "column": 0 },
        "end": { "line": 49, "column": 36 }
      },
      "49": {
        "start": { "line": 50, "column": 0 },
        "end": { "line": 50, "column": 25 }
      },
      "50": {
        "start": { "line": 51, "column": 0 },
        "end": { "line": 51, "column": 3 }
      },
      "51": {
        "start": { "line": 52, "column": 0 },
        "end": { "line": 52, "column": 0 }
      },
      "52": {
        "start": { "line": 53, "column": 0 },
        "end": { "line": 53, "column": 74 }
      },
      "53": {
        "start": { "line": 54, "column": 0 },
        "end": { "line": 54, "column": 31 }
      },
      "54": {
        "start": { "line": 55, "column": 0 },
        "end": { "line": 55, "column": 31 }
      },
      "55": {
        "start": { "line": 56, "column": 0 },
        "end": { "line": 56, "column": 23 }
      },
      "56": {
        "start": { "line": 57, "column": 0 },
        "end": { "line": 57, "column": 30 }
      },
      "57": {
        "start": { "line": 58, "column": 0 },
        "end": { "line": 58, "column": 28 }
      },
      "58": {
        "start": { "line": 59, "column": 0 },
        "end": { "line": 59, "column": 22 }
      },
      "59": {
        "start": { "line": 60, "column": 0 },
        "end": { "line": 60, "column": 3 }
      },
      "60": {
        "start": { "line": 61, "column": 0 },
        "end": { "line": 61, "column": 54 }
      },
      "61": {
        "start": { "line": 62, "column": 0 },
        "end": { "line": 62, "column": 67 }
      },
      "62": {
        "start": { "line": 63, "column": 0 },
        "end": { "line": 63, "column": 35 }
      },
      "63": {
        "start": { "line": 64, "column": 0 },
        "end": { "line": 64, "column": 19 }
      },
      "64": {
        "start": { "line": 65, "column": 0 },
        "end": { "line": 65, "column": 78 }
      },
      "65": {
        "start": { "line": 66, "column": 0 },
        "end": { "line": 66, "column": 13 }
      },
      "66": {
        "start": { "line": 67, "column": 0 },
        "end": { "line": 67, "column": 5 }
      },
      "67": {
        "start": { "line": 68, "column": 0 },
        "end": { "line": 68, "column": 39 }
      },
      "68": {
        "start": { "line": 69, "column": 0 },
        "end": { "line": 69, "column": 3 }
      },
      "69": {
        "start": { "line": 70, "column": 0 },
        "end": { "line": 70, "column": 16 }
      },
      "70": {
        "start": { "line": 71, "column": 0 },
        "end": { "line": 71, "column": 30 }
      },
      "71": {
        "start": { "line": 72, "column": 0 },
        "end": { "line": 72, "column": 19 }
      },
      "72": {
        "start": { "line": 73, "column": 0 },
        "end": { "line": 73, "column": 41 }
      },
      "73": {
        "start": { "line": 74, "column": 0 },
        "end": { "line": 74, "column": 32 }
      },
      "74": {
        "start": { "line": 75, "column": 0 },
        "end": { "line": 75, "column": 0 }
      },
      "75": {
        "start": { "line": 76, "column": 0 },
        "end": { "line": 76, "column": 41 }
      },
      "76": {
        "start": { "line": 77, "column": 0 },
        "end": { "line": 77, "column": 32 }
      },
      "77": {
        "start": { "line": 78, "column": 0 },
        "end": { "line": 78, "column": 0 }
      },
      "78": {
        "start": { "line": 79, "column": 0 },
        "end": { "line": 79, "column": 28 }
      },
      "79": {
        "start": { "line": 80, "column": 0 },
        "end": { "line": 80, "column": 14 }
      },
      "80": {
        "start": { "line": 81, "column": 0 },
        "end": { "line": 81, "column": 17 }
      },
      "81": {
        "start": { "line": 82, "column": 0 },
        "end": { "line": 82, "column": 41 }
      },
      "82": {
        "start": { "line": 83, "column": 0 },
        "end": { "line": 83, "column": 32 }
      },
      "83": {
        "start": { "line": 84, "column": 0 },
        "end": { "line": 84, "column": 0 }
      },
      "84": {
        "start": { "line": 85, "column": 0 },
        "end": { "line": 85, "column": 41 }
      },
      "85": {
        "start": { "line": 86, "column": 0 },
        "end": { "line": 86, "column": 32 }
      },
      "86": {
        "start": { "line": 87, "column": 0 },
        "end": { "line": 87, "column": 0 }
      },
      "87": {
        "start": { "line": 88, "column": 0 },
        "end": { "line": 88, "column": 41 }
      },
      "88": {
        "start": { "line": 89, "column": 0 },
        "end": { "line": 89, "column": 32 }
      },
      "89": {
        "start": { "line": 90, "column": 0 },
        "end": { "line": 90, "column": 0 }
      },
      "90": {
        "start": { "line": 91, "column": 0 },
        "end": { "line": 91, "column": 41 }
      },
      "91": {
        "start": { "line": 92, "column": 0 },
        "end": { "line": 92, "column": 32 }
      },
      "92": {
        "start": { "line": 93, "column": 0 },
        "end": { "line": 93, "column": 0 }
      },
      "93": {
        "start": { "line": 94, "column": 0 },
        "end": { "line": 94, "column": 28 }
      },
      "94": {
        "start": { "line": 95, "column": 0 },
        "end": { "line": 95, "column": 14 }
      },
      "95": {
        "start": { "line": 96, "column": 0 },
        "end": { "line": 96, "column": 14 }
      },
      "96": {
        "start": { "line": 97, "column": 0 },
        "end": { "line": 97, "column": 24 }
      },
      "97": {
        "start": { "line": 98, "column": 0 },
        "end": { "line": 98, "column": 73 }
      },
      "98": {
        "start": { "line": 99, "column": 0 },
        "end": { "line": 99, "column": 10 }
      },
      "99": {
        "start": { "line": 100, "column": 0 },
        "end": { "line": 100, "column": 5 }
      },
      "100": {
        "start": { "line": 101, "column": 0 },
        "end": { "line": 101, "column": 3 }
      },
      "101": {
        "start": { "line": 102, "column": 0 },
        "end": { "line": 102, "column": 24 }
      },
      "102": {
        "start": { "line": 103, "column": 0 },
        "end": { "line": 103, "column": 40 }
      },
      "103": {
        "start": { "line": 104, "column": 0 },
        "end": { "line": 104, "column": 53 }
      },
      "104": {
        "start": { "line": 105, "column": 0 },
        "end": { "line": 105, "column": 53 }
      },
      "105": {
        "start": { "line": 106, "column": 0 },
        "end": { "line": 106, "column": 8 }
      },
      "106": {
        "start": { "line": 107, "column": 0 },
        "end": { "line": 107, "column": 44 }
      },
      "107": {
        "start": { "line": 108, "column": 0 },
        "end": { "line": 108, "column": 42 }
      },
      "108": {
        "start": { "line": 109, "column": 0 },
        "end": { "line": 109, "column": 7 }
      },
      "109": {
        "start": { "line": 110, "column": 0 },
        "end": { "line": 110, "column": 32 }
      },
      "110": {
        "start": { "line": 111, "column": 0 },
        "end": { "line": 111, "column": 56 }
      },
      "111": {
        "start": { "line": 112, "column": 0 },
        "end": { "line": 112, "column": 35 }
      },
      "112": {
        "start": { "line": 113, "column": 0 },
        "end": { "line": 113, "column": 13 }
      },
      "113": {
        "start": { "line": 114, "column": 0 },
        "end": { "line": 114, "column": 15 }
      },
      "114": {
        "start": { "line": 115, "column": 0 },
        "end": { "line": 115, "column": 44 }
      },
      "115": {
        "start": { "line": 116, "column": 0 },
        "end": { "line": 116, "column": 42 }
      },
      "116": {
        "start": { "line": 117, "column": 0 },
        "end": { "line": 117, "column": 7 }
      },
      "117": {
        "start": { "line": 118, "column": 0 },
        "end": { "line": 118, "column": 32 }
      },
      "118": {
        "start": { "line": 119, "column": 0 },
        "end": { "line": 119, "column": 56 }
      },
      "119": {
        "start": { "line": 120, "column": 0 },
        "end": { "line": 120, "column": 35 }
      },
      "120": {
        "start": { "line": 121, "column": 0 },
        "end": { "line": 121, "column": 13 }
      },
      "121": {
        "start": { "line": 122, "column": 0 },
        "end": { "line": 122, "column": 12 }
      },
      "122": {
        "start": { "line": 123, "column": 0 },
        "end": { "line": 123, "column": 30 }
      },
      "123": {
        "start": { "line": 124, "column": 0 },
        "end": { "line": 124, "column": 13 }
      },
      "124": {
        "start": { "line": 125, "column": 0 },
        "end": { "line": 125, "column": 5 }
      },
      "125": {
        "start": { "line": 126, "column": 0 },
        "end": { "line": 126, "column": 3 }
      },
      "126": {
        "start": { "line": 127, "column": 0 },
        "end": { "line": 127, "column": 1 }
      }
    },
    "s": {
      "0": 1,
      "1": 1,
      "2": 1,
      "3": 1,
      "4": 1,
      "5": 1,
      "6": 1,
      "7": 1,
      "8": 1,
      "9": 1,
      "10": 1,
      "11": 1,
      "12": 1,
      "13": 1,
      "14": 1,
      "15": 7,
      "16": 7,
      "17": 1,
      "18": 5,
      "19": 5,
      "20": 1,
      "21": 5,
      "22": 5,
      "23": 1,
      "24": 5,
      "25": 5,
      "26": 1,
      "27": 8,
      "28": 8,
      "29": 1,
      "30": 5,
      "31": 5,
      "32": 1,
      "33": 1,
      "34": 3,
      "35": 3,
      "36": 1,
      "37": 8,
      "38": 8,
      "39": 1,
      "40": 13,
      "41": 13,
      "42": 1,
      "43": 5,
      "44": 5,
      "45": 1,
      "46": 3,
      "47": 3,
      "48": 1,
      "49": 5,
      "50": 5,
      "51": 1,
      "52": 1,
      "53": 5,
      "54": 5,
      "55": 5,
      "56": 5,
      "57": 5,
      "58": 5,
      "59": 5,
      "60": 1,
      "61": 6,
      "62": 6,
      "63": 0,
      "64": 0,
      "65": 0,
      "66": 0,
      "67": 6,
      "68": 6,
      "69": 1,
      "70": 1,
      "71": 1,
      "72": 1,
      "73": 1,
      "74": 1,
      "75": 1,
      "76": 1,
      "77": 1,
      "78": 1,
      "79": 1,
      "80": 1,
      "81": 0,
      "82": 0,
      "83": 0,
      "84": 0,
      "85": 0,
      "86": 0,
      "87": 0,
      "88": 0,
      "89": 0,
      "90": 0,
      "91": 0,
      "92": 0,
      "93": 0,
      "94": 0,
      "95": 1,
      "96": 0,
      "97": 0,
      "98": 0,
      "99": 1,
      "100": 1,
      "101": 1,
      "102": 2,
      "103": 2,
      "104": 2,
      "105": 2,
      "106": 2,
      "107": 2,
      "108": 2,
      "109": 1,
      "110": 1,
      "111": 1,
      "112": 1,
      "113": 1,
      "114": 1,
      "115": 1,
      "116": 1,
      "117": 1,
      "118": 1,
      "119": 1,
      "120": 1,
      "121": 1,
      "122": 0,
      "123": 0,
      "124": 0,
      "125": 2,
      "126": 1
    },
    "branchMap": {
      "0": {
        "type": "branch",
        "line": 9,
        "loc": {
          "start": { "line": 9, "column": 0 },
          "end": { "line": 127, "column": 1 }
        },
        "locations": [
          {
            "start": { "line": 9, "column": 0 },
            "end": { "line": 127, "column": 1 }
          }
        ]
      },
      "1": {
        "type": "branch",
        "line": 53,
        "loc": {
          "start": { "line": 53, "column": 2 },
          "end": { "line": 60, "column": 3 }
        },
        "locations": [
          {
            "start": { "line": 53, "column": 2 },
            "end": { "line": 60, "column": 3 }
          }
        ]
      },
      "2": {
        "type": "branch",
        "line": 15,
        "loc": {
          "start": { "line": 15, "column": 2 },
          "end": { "line": 17, "column": 3 }
        },
        "locations": [
          {
            "start": { "line": 15, "column": 2 },
            "end": { "line": 17, "column": 3 }
          }
        ]
      },
      "3": {
        "type": "branch",
        "line": 18,
        "loc": {
          "start": { "line": 18, "column": 2 },
          "end": { "line": 20, "column": 3 }
        },
        "locations": [
          {
            "start": { "line": 18, "column": 2 },
            "end": { "line": 20, "column": 3 }
          }
        ]
      },
      "4": {
        "type": "branch",
        "line": 21,
        "loc": {
          "start": { "line": 21, "column": 2 },
          "end": { "line": 23, "column": 3 }
        },
        "locations": [
          {
            "start": { "line": 21, "column": 2 },
            "end": { "line": 23, "column": 3 }
          }
        ]
      },
      "5": {
        "type": "branch",
        "line": 24,
        "loc": {
          "start": { "line": 24, "column": 2 },
          "end": { "line": 26, "column": 3 }
        },
        "locations": [
          {
            "start": { "line": 24, "column": 2 },
            "end": { "line": 26, "column": 3 }
          }
        ]
      },
      "6": {
        "type": "branch",
        "line": 27,
        "loc": {
          "start": { "line": 27, "column": 2 },
          "end": { "line": 29, "column": 3 }
        },
        "locations": [
          {
            "start": { "line": 27, "column": 2 },
            "end": { "line": 29, "column": 3 }
          }
        ]
      },
      "7": {
        "type": "branch",
        "line": 30,
        "loc": {
          "start": { "line": 30, "column": 2 },
          "end": { "line": 32, "column": 3 }
        },
        "locations": [
          {
            "start": { "line": 30, "column": 2 },
            "end": { "line": 32, "column": 3 }
          }
        ]
      },
      "8": {
        "type": "branch",
        "line": 34,
        "loc": {
          "start": { "line": 34, "column": 2 },
          "end": { "line": 36, "column": 3 }
        },
        "locations": [
          {
            "start": { "line": 34, "column": 2 },
            "end": { "line": 36, "column": 3 }
          }
        ]
      },
      "9": {
        "type": "branch",
        "line": 37,
        "loc": {
          "start": { "line": 37, "column": 2 },
          "end": { "line": 39, "column": 3 }
        },
        "locations": [
          {
            "start": { "line": 37, "column": 2 },
            "end": { "line": 39, "column": 3 }
          }
        ]
      },
      "10": {
        "type": "branch",
        "line": 40,
        "loc": {
          "start": { "line": 40, "column": 2 },
          "end": { "line": 42, "column": 3 }
        },
        "locations": [
          {
            "start": { "line": 40, "column": 2 },
            "end": { "line": 42, "column": 3 }
          }
        ]
      },
      "11": {
        "type": "branch",
        "line": 43,
        "loc": {
          "start": { "line": 43, "column": 2 },
          "end": { "line": 45, "column": 3 }
        },
        "locations": [
          {
            "start": { "line": 43, "column": 2 },
            "end": { "line": 45, "column": 3 }
          }
        ]
      },
      "12": {
        "type": "branch",
        "line": 46,
        "loc": {
          "start": { "line": 46, "column": 2 },
          "end": { "line": 48, "column": 3 }
        },
        "locations": [
          {
            "start": { "line": 46, "column": 2 },
            "end": { "line": 48, "column": 3 }
          }
        ]
      },
      "13": {
        "type": "branch",
        "line": 49,
        "loc": {
          "start": { "line": 49, "column": 2 },
          "end": { "line": 51, "column": 3 }
        },
        "locations": [
          {
            "start": { "line": 49, "column": 2 },
            "end": { "line": 51, "column": 3 }
          }
        ]
      },
      "14": {
        "type": "branch",
        "line": 61,
        "loc": {
          "start": { "line": 61, "column": 2 },
          "end": { "line": 69, "column": 3 }
        },
        "locations": [
          {
            "start": { "line": 61, "column": 2 },
            "end": { "line": 69, "column": 3 }
          }
        ]
      },
      "15": {
        "type": "branch",
        "line": 63,
        "loc": {
          "start": { "line": 63, "column": 34 },
          "end": { "line": 67, "column": 5 }
        },
        "locations": [
          {
            "start": { "line": 63, "column": 34 },
            "end": { "line": 67, "column": 5 }
          }
        ]
      },
      "16": {
        "type": "branch",
        "line": 70,
        "loc": {
          "start": { "line": 70, "column": 2 },
          "end": { "line": 101, "column": 3 }
        },
        "locations": [
          {
            "start": { "line": 70, "column": 2 },
            "end": { "line": 101, "column": 3 }
          }
        ]
      },
      "17": {
        "type": "branch",
        "line": 74,
        "loc": {
          "start": { "line": 74, "column": 25 },
          "end": { "line": 74, "column": 32 }
        },
        "locations": [
          {
            "start": { "line": 74, "column": 25 },
            "end": { "line": 74, "column": 32 }
          }
        ]
      },
      "18": {
        "type": "branch",
        "line": 77,
        "loc": {
          "start": { "line": 77, "column": 25 },
          "end": { "line": 77, "column": 32 }
        },
        "locations": [
          {
            "start": { "line": 77, "column": 25 },
            "end": { "line": 77, "column": 32 }
          }
        ]
      },
      "19": {
        "type": "branch",
        "line": 81,
        "loc": {
          "start": { "line": 81, "column": 6 },
          "end": { "line": 95, "column": 14 }
        },
        "locations": [
          {
            "start": { "line": 81, "column": 6 },
            "end": { "line": 95, "column": 14 }
          }
        ]
      },
      "20": {
        "type": "branch",
        "line": 96,
        "loc": {
          "start": { "line": 96, "column": 6 },
          "end": { "line": 99, "column": 10 }
        },
        "locations": [
          {
            "start": { "line": 96, "column": 6 },
            "end": { "line": 99, "column": 10 }
          }
        ]
      },
      "21": {
        "type": "branch",
        "line": 102,
        "loc": {
          "start": { "line": 102, "column": 2 },
          "end": { "line": 126, "column": 3 }
        },
        "locations": [
          {
            "start": { "line": 102, "column": 2 },
            "end": { "line": 126, "column": 3 }
          }
        ]
      },
      "22": {
        "type": "branch",
        "line": 109,
        "loc": {
          "start": { "line": 109, "column": 6 },
          "end": { "line": 125, "column": 5 }
        },
        "locations": [
          {
            "start": { "line": 109, "column": 6 },
            "end": { "line": 125, "column": 5 }
          }
        ]
      },
      "23": {
        "type": "branch",
        "line": 122,
        "loc": {
          "start": { "line": 122, "column": 5 },
          "end": { "line": 125, "column": 5 }
        },
        "locations": [
          {
            "start": { "line": 122, "column": 5 },
            "end": { "line": 125, "column": 5 }
          }
        ]
      }
    },
    "b": {
      "0": [1],
      "1": [5],
      "2": [7],
      "3": [5],
      "4": [5],
      "5": [5],
      "6": [8],
      "7": [5],
      "8": [3],
      "9": [8],
      "10": [13],
      "11": [5],
      "12": [3],
      "13": [5],
      "14": [6],
      "15": [0],
      "16": [1],
      "17": [0],
      "18": [0],
      "19": [0],
      "20": [0],
      "21": [2],
      "22": [1],
      "23": [0]
    },
    "fnMap": {
      "0": {
        "name": "Game",
        "decl": {
          "start": { "line": 53, "column": 2 },
          "end": { "line": 60, "column": 3 }
        },
        "loc": {
          "start": { "line": 53, "column": 2 },
          "end": { "line": 60, "column": 3 }
        },
        "line": 53
      },
      "1": {
        "name": "get",
        "decl": {
          "start": { "line": 15, "column": 2 },
          "end": { "line": 17, "column": 3 }
        },
        "loc": {
          "start": { "line": 15, "column": 2 },
          "end": { "line": 17, "column": 3 }
        },
        "line": 15
      },
      "2": {
        "name": "set",
        "decl": {
          "start": { "line": 18, "column": 2 },
          "end": { "line": 20, "column": 3 }
        },
        "loc": {
          "start": { "line": 18, "column": 2 },
          "end": { "line": 20, "column": 3 }
        },
        "line": 18
      },
      "3": {
        "name": "get",
        "decl": {
          "start": { "line": 21, "column": 2 },
          "end": { "line": 23, "column": 3 }
        },
        "loc": {
          "start": { "line": 21, "column": 2 },
          "end": { "line": 23, "column": 3 }
        },
        "line": 21
      },
      "4": {
        "name": "set",
        "decl": {
          "start": { "line": 24, "column": 2 },
          "end": { "line": 26, "column": 3 }
        },
        "loc": {
          "start": { "line": 24, "column": 2 },
          "end": { "line": 26, "column": 3 }
        },
        "line": 24
      },
      "5": {
        "name": "get",
        "decl": {
          "start": { "line": 27, "column": 2 },
          "end": { "line": 29, "column": 3 }
        },
        "loc": {
          "start": { "line": 27, "column": 2 },
          "end": { "line": 29, "column": 3 }
        },
        "line": 27
      },
      "6": {
        "name": "set",
        "decl": {
          "start": { "line": 30, "column": 2 },
          "end": { "line": 32, "column": 3 }
        },
        "loc": {
          "start": { "line": 30, "column": 2 },
          "end": { "line": 32, "column": 3 }
        },
        "line": 30
      },
      "7": {
        "name": "get",
        "decl": {
          "start": { "line": 34, "column": 2 },
          "end": { "line": 36, "column": 3 }
        },
        "loc": {
          "start": { "line": 34, "column": 2 },
          "end": { "line": 36, "column": 3 }
        },
        "line": 34
      },
      "8": {
        "name": "set",
        "decl": {
          "start": { "line": 37, "column": 2 },
          "end": { "line": 39, "column": 3 }
        },
        "loc": {
          "start": { "line": 37, "column": 2 },
          "end": { "line": 39, "column": 3 }
        },
        "line": 37
      },
      "9": {
        "name": "get",
        "decl": {
          "start": { "line": 40, "column": 2 },
          "end": { "line": 42, "column": 3 }
        },
        "loc": {
          "start": { "line": 40, "column": 2 },
          "end": { "line": 42, "column": 3 }
        },
        "line": 40
      },
      "10": {
        "name": "set",
        "decl": {
          "start": { "line": 43, "column": 2 },
          "end": { "line": 45, "column": 3 }
        },
        "loc": {
          "start": { "line": 43, "column": 2 },
          "end": { "line": 45, "column": 3 }
        },
        "line": 43
      },
      "11": {
        "name": "get",
        "decl": {
          "start": { "line": 46, "column": 2 },
          "end": { "line": 48, "column": 3 }
        },
        "loc": {
          "start": { "line": 46, "column": 2 },
          "end": { "line": 48, "column": 3 }
        },
        "line": 46
      },
      "12": {
        "name": "set",
        "decl": {
          "start": { "line": 49, "column": 2 },
          "end": { "line": 51, "column": 3 }
        },
        "loc": {
          "start": { "line": 49, "column": 2 },
          "end": { "line": 51, "column": 3 }
        },
        "line": 49
      },
      "13": {
        "name": "Object.<anonymous>.Game.nextMove",
        "decl": {
          "start": { "line": 61, "column": 2 },
          "end": { "line": 69, "column": 3 }
        },
        "loc": {
          "start": { "line": 61, "column": 2 },
          "end": { "line": 69, "column": 3 }
        },
        "line": 61
      },
      "14": {
        "name": "Object.<anonymous>.Game.play",
        "decl": {
          "start": { "line": 70, "column": 2 },
          "end": { "line": 101, "column": 3 }
        },
        "loc": {
          "start": { "line": 70, "column": 2 },
          "end": { "line": 101, "column": 3 }
        },
        "line": 70
      },
      "15": {
        "name": "Object.<anonymous>.Game.compareCards",
        "decl": {
          "start": { "line": 102, "column": 2 },
          "end": { "line": 126, "column": 3 }
        },
        "loc": {
          "start": { "line": 102, "column": 2 },
          "end": { "line": 126, "column": 3 }
        },
        "line": 102
      }
    },
    "f": {
      "0": 5,
      "1": 7,
      "2": 5,
      "3": 5,
      "4": 5,
      "5": 8,
      "6": 5,
      "7": 3,
      "8": 8,
      "9": 13,
      "10": 5,
      "11": 3,
      "12": 5,
      "13": 6,
      "14": 1,
      "15": 2
    }
  },
  "/Users/akmalanvarov/Projects/war-game-rest/src/Player.ts": {
    "path": "/Users/akmalanvarov/Projects/war-game-rest/src/Player.ts",
    "all": false,
    "statementMap": {
      "0": {
        "start": { "line": 1, "column": 0 },
        "end": { "line": 1, "column": 37 }
      },
      "1": {
        "start": { "line": 2, "column": 0 },
        "end": { "line": 2, "column": 34 }
      },
      "2": {
        "start": { "line": 3, "column": 0 },
        "end": { "line": 3, "column": 0 }
      },
      "3": {
        "start": { "line": 4, "column": 0 },
        "end": { "line": 4, "column": 21 }
      },
      "4": {
        "start": { "line": 5, "column": 0 },
        "end": { "line": 5, "column": 28 }
      },
      "5": {
        "start": { "line": 6, "column": 0 },
        "end": { "line": 6, "column": 30 }
      },
      "6": {
        "start": { "line": 7, "column": 0 },
        "end": { "line": 7, "column": 24 }
      },
      "7": {
        "start": { "line": 8, "column": 0 },
        "end": { "line": 8, "column": 35 }
      },
      "8": {
        "start": { "line": 9, "column": 0 },
        "end": { "line": 9, "column": 30 }
      },
      "9": {
        "start": { "line": 10, "column": 0 },
        "end": { "line": 10, "column": 3 }
      },
      "10": {
        "start": { "line": 11, "column": 0 },
        "end": { "line": 11, "column": 39 }
      },
      "11": {
        "start": { "line": 12, "column": 0 },
        "end": { "line": 12, "column": 30 }
      },
      "12": {
        "start": { "line": 13, "column": 0 },
        "end": { "line": 13, "column": 3 }
      },
      "13": {
        "start": { "line": 14, "column": 0 },
        "end": { "line": 14, "column": 29 }
      },
      "14": {
        "start": { "line": 15, "column": 0 },
        "end": { "line": 15, "column": 22 }
      },
      "15": {
        "start": { "line": 16, "column": 0 },
        "end": { "line": 16, "column": 3 }
      },
      "16": {
        "start": { "line": 17, "column": 0 },
        "end": { "line": 17, "column": 34 }
      },
      "17": {
        "start": { "line": 18, "column": 0 },
        "end": { "line": 18, "column": 23 }
      },
      "18": {
        "start": { "line": 19, "column": 0 },
        "end": { "line": 19, "column": 3 }
      },
      "19": {
        "start": { "line": 20, "column": 0 },
        "end": { "line": 20, "column": 33 }
      },
      "20": {
        "start": { "line": 21, "column": 0 },
        "end": { "line": 21, "column": 28 }
      },
      "21": {
        "start": { "line": 22, "column": 0 },
        "end": { "line": 22, "column": 3 }
      },
      "22": {
        "start": { "line": 23, "column": 0 },
        "end": { "line": 23, "column": 38 }
      },
      "23": {
        "start": { "line": 24, "column": 0 },
        "end": { "line": 24, "column": 29 }
      },
      "24": {
        "start": { "line": 25, "column": 0 },
        "end": { "line": 25, "column": 3 }
      },
      "25": {
        "start": { "line": 26, "column": 0 },
        "end": { "line": 26, "column": 0 }
      },
      "26": {
        "start": { "line": 27, "column": 0 },
        "end": { "line": 27, "column": 74 }
      },
      "27": {
        "start": { "line": 28, "column": 0 },
        "end": { "line": 28, "column": 33 }
      },
      "28": {
        "start": { "line": 29, "column": 0 },
        "end": { "line": 29, "column": 37 }
      },
      "29": {
        "start": { "line": 30, "column": 0 },
        "end": { "line": 30, "column": 21 }
      },
      "30": {
        "start": { "line": 31, "column": 0 },
        "end": { "line": 31, "column": 3 }
      },
      "31": {
        "start": { "line": 32, "column": 0 },
        "end": { "line": 32, "column": 0 }
      },
      "32": {
        "start": { "line": 33, "column": 0 },
        "end": { "line": 33, "column": 73 }
      },
      "33": {
        "start": { "line": 34, "column": 0 },
        "end": { "line": 34, "column": 57 }
      },
      "34": {
        "start": { "line": 35, "column": 0 },
        "end": { "line": 35, "column": 58 }
      },
      "35": {
        "start": { "line": 36, "column": 0 },
        "end": { "line": 36, "column": 68 }
      },
      "36": {
        "start": { "line": 37, "column": 0 },
        "end": { "line": 37, "column": 33 }
      },
      "37": {
        "start": { "line": 38, "column": 0 },
        "end": { "line": 38, "column": 33 }
      },
      "38": {
        "start": { "line": 39, "column": 0 },
        "end": { "line": 39, "column": 35 }
      },
      "39": {
        "start": { "line": 40, "column": 0 },
        "end": { "line": 40, "column": 30 }
      },
      "40": {
        "start": { "line": 41, "column": 0 },
        "end": { "line": 41, "column": 8 }
      },
      "41": {
        "start": { "line": 42, "column": 0 },
        "end": { "line": 42, "column": 5 }
      },
      "42": {
        "start": { "line": 43, "column": 0 },
        "end": { "line": 43, "column": 68 }
      },
      "43": {
        "start": { "line": 44, "column": 0 },
        "end": { "line": 44, "column": 51 }
      },
      "44": {
        "start": { "line": 45, "column": 0 },
        "end": { "line": 45, "column": 53 }
      },
      "45": {
        "start": { "line": 46, "column": 0 },
        "end": { "line": 46, "column": 78 }
      },
      "46": {
        "start": { "line": 47, "column": 0 },
        "end": { "line": 47, "column": 23 }
      },
      "47": {
        "start": { "line": 48, "column": 0 },
        "end": { "line": 48, "column": 3 }
      },
      "48": {
        "start": { "line": 49, "column": 0 },
        "end": { "line": 49, "column": 1 }
      }
    },
    "s": {
      "0": 1,
      "1": 1,
      "2": 1,
      "3": 2,
      "4": 2,
      "5": 2,
      "6": 2,
      "7": 2,
      "8": 48,
      "9": 48,
      "10": 2,
      "11": 15,
      "12": 15,
      "13": 2,
      "14": 3,
      "15": 3,
      "16": 2,
      "17": 15,
      "18": 15,
      "19": 2,
      "20": 9,
      "21": 9,
      "22": 2,
      "23": 15,
      "24": 15,
      "25": 2,
      "26": 2,
      "27": 15,
      "28": 15,
      "29": 15,
      "30": 15,
      "31": 2,
      "32": 2,
      "33": 10,
      "34": 2,
      "35": 2,
      "36": 2,
      "37": 2,
      "38": 2,
      "39": 2,
      "40": 2,
      "41": 2,
      "42": 10,
      "43": 10,
      "44": 9,
      "45": 9,
      "46": 9,
      "47": 9,
      "48": 2
    },
    "branchMap": {
      "0": {
        "type": "branch",
        "line": 4,
        "loc": {
          "start": { "line": 4, "column": 0 },
          "end": { "line": 49, "column": 1 }
        },
        "locations": [
          {
            "start": { "line": 4, "column": 0 },
            "end": { "line": 49, "column": 1 }
          }
        ]
      },
      "1": {
        "type": "branch",
        "line": 27,
        "loc": {
          "start": { "line": 27, "column": 2 },
          "end": { "line": 31, "column": 3 }
        },
        "locations": [
          {
            "start": { "line": 27, "column": 2 },
            "end": { "line": 31, "column": 3 }
          }
        ]
      },
      "2": {
        "type": "branch",
        "line": 8,
        "loc": {
          "start": { "line": 8, "column": 2 },
          "end": { "line": 10, "column": 3 }
        },
        "locations": [
          {
            "start": { "line": 8, "column": 2 },
            "end": { "line": 10, "column": 3 }
          }
        ]
      },
      "3": {
        "type": "branch",
        "line": 11,
        "loc": {
          "start": { "line": 11, "column": 2 },
          "end": { "line": 13, "column": 3 }
        },
        "locations": [
          {
            "start": { "line": 11, "column": 2 },
            "end": { "line": 13, "column": 3 }
          }
        ]
      },
      "4": {
        "type": "branch",
        "line": 14,
        "loc": {
          "start": { "line": 14, "column": 2 },
          "end": { "line": 16, "column": 3 }
        },
        "locations": [
          {
            "start": { "line": 14, "column": 2 },
            "end": { "line": 16, "column": 3 }
          }
        ]
      },
      "5": {
        "type": "branch",
        "line": 17,
        "loc": {
          "start": { "line": 17, "column": 2 },
          "end": { "line": 19, "column": 3 }
        },
        "locations": [
          {
            "start": { "line": 17, "column": 2 },
            "end": { "line": 19, "column": 3 }
          }
        ]
      },
      "6": {
        "type": "branch",
        "line": 20,
        "loc": {
          "start": { "line": 20, "column": 2 },
          "end": { "line": 22, "column": 3 }
        },
        "locations": [
          {
            "start": { "line": 20, "column": 2 },
            "end": { "line": 22, "column": 3 }
          }
        ]
      },
      "7": {
        "type": "branch",
        "line": 23,
        "loc": {
          "start": { "line": 23, "column": 2 },
          "end": { "line": 25, "column": 3 }
        },
        "locations": [
          {
            "start": { "line": 23, "column": 2 },
            "end": { "line": 25, "column": 3 }
          }
        ]
      },
      "8": {
        "type": "branch",
        "line": 33,
        "loc": {
          "start": { "line": 33, "column": 2 },
          "end": { "line": 48, "column": 3 }
        },
        "locations": [
          {
            "start": { "line": 33, "column": 2 },
            "end": { "line": 48, "column": 3 }
          }
        ]
      },
      "9": {
        "type": "branch",
        "line": 34,
        "loc": {
          "start": { "line": 34, "column": 56 },
          "end": { "line": 42, "column": 5 }
        },
        "locations": [
          {
            "start": { "line": 34, "column": 56 },
            "end": { "line": 42, "column": 5 }
          }
        ]
      },
      "10": {
        "type": "branch",
        "line": 44,
        "loc": {
          "start": { "line": 44, "column": 42 },
          "end": { "line": 44, "column": 51 }
        },
        "locations": [
          {
            "start": { "line": 44, "column": 42 },
            "end": { "line": 44, "column": 51 }
          }
        ]
      },
      "11": {
        "type": "branch",
        "line": 45,
        "loc": {
          "start": { "line": 45, "column": -1 },
          "end": { "line": 48, "column": 3 }
        },
        "locations": [
          {
            "start": { "line": 45, "column": -1 },
            "end": { "line": 48, "column": 3 }
          }
        ]
      }
    },
    "b": {
      "0": [2],
      "1": [15],
      "2": [48],
      "3": [15],
      "4": [3],
      "5": [15],
      "6": [9],
      "7": [15],
      "8": [10],
      "9": [2],
      "10": [1],
      "11": [9]
    },
    "fnMap": {
      "0": {
        "name": "Player",
        "decl": {
          "start": { "line": 27, "column": 2 },
          "end": { "line": 31, "column": 3 }
        },
        "loc": {
          "start": { "line": 27, "column": 2 },
          "end": { "line": 31, "column": 3 }
        },
        "line": 27
      },
      "1": {
        "name": "get",
        "decl": {
          "start": { "line": 8, "column": 2 },
          "end": { "line": 10, "column": 3 }
        },
        "loc": {
          "start": { "line": 8, "column": 2 },
          "end": { "line": 10, "column": 3 }
        },
        "line": 8
      },
      "2": {
        "name": "set",
        "decl": {
          "start": { "line": 11, "column": 2 },
          "end": { "line": 13, "column": 3 }
        },
        "loc": {
          "start": { "line": 11, "column": 2 },
          "end": { "line": 13, "column": 3 }
        },
        "line": 11
      },
      "3": {
        "name": "get",
        "decl": {
          "start": { "line": 14, "column": 2 },
          "end": { "line": 16, "column": 3 }
        },
        "loc": {
          "start": { "line": 14, "column": 2 },
          "end": { "line": 16, "column": 3 }
        },
        "line": 14
      },
      "4": {
        "name": "set",
        "decl": {
          "start": { "line": 17, "column": 2 },
          "end": { "line": 19, "column": 3 }
        },
        "loc": {
          "start": { "line": 17, "column": 2 },
          "end": { "line": 19, "column": 3 }
        },
        "line": 17
      },
      "5": {
        "name": "get",
        "decl": {
          "start": { "line": 20, "column": 2 },
          "end": { "line": 22, "column": 3 }
        },
        "loc": {
          "start": { "line": 20, "column": 2 },
          "end": { "line": 22, "column": 3 }
        },
        "line": 20
      },
      "6": {
        "name": "set",
        "decl": {
          "start": { "line": 23, "column": 2 },
          "end": { "line": 25, "column": 3 }
        },
        "loc": {
          "start": { "line": 23, "column": 2 },
          "end": { "line": 25, "column": 3 }
        },
        "line": 23
      },
      "7": {
        "name": "Object.<anonymous>.Player.drawCards",
        "decl": {
          "start": { "line": 33, "column": 2 },
          "end": { "line": 48, "column": 3 }
        },
        "loc": {
          "start": { "line": 33, "column": 2 },
          "end": { "line": 48, "column": 3 }
        },
        "line": 33
      }
    },
    "f": {
      "0": 15,
      "1": 48,
      "2": 15,
      "3": 3,
      "4": 15,
      "5": 9,
      "6": 15,
      "7": 10
    }
  },
  "/Users/akmalanvarov/Projects/war-game-rest/src/deckCards.ts": {
    "path": "/Users/akmalanvarov/Projects/war-game-rest/src/deckCards.ts",
    "all": false,
    "statementMap": {
      "0": {
        "start": { "line": 1, "column": 0 },
        "end": { "line": 1, "column": 37 }
      },
      "1": {
        "start": { "line": 2, "column": 0 },
        "end": { "line": 2, "column": 0 }
      },
      "2": {
        "start": { "line": 3, "column": 0 },
        "end": { "line": 3, "column": 34 }
      },
      "3": {
        "start": { "line": 4, "column": 0 },
        "end": { "line": 4, "column": 27 }
      },
      "4": {
        "start": { "line": 5, "column": 0 },
        "end": { "line": 5, "column": 27 }
      },
      "5": {
        "start": { "line": 6, "column": 0 },
        "end": { "line": 6, "column": 27 }
      },
      "6": {
        "start": { "line": 7, "column": 0 },
        "end": { "line": 7, "column": 27 }
      },
      "7": {
        "start": { "line": 8, "column": 0 },
        "end": { "line": 8, "column": 27 }
      },
      "8": {
        "start": { "line": 9, "column": 0 },
        "end": { "line": 9, "column": 27 }
      },
      "9": {
        "start": { "line": 10, "column": 0 },
        "end": { "line": 10, "column": 27 }
      },
      "10": {
        "start": { "line": 11, "column": 0 },
        "end": { "line": 11, "column": 27 }
      },
      "11": {
        "start": { "line": 12, "column": 0 },
        "end": { "line": 12, "column": 27 }
      },
      "12": {
        "start": { "line": 13, "column": 0 },
        "end": { "line": 13, "column": 27 }
      },
      "13": {
        "start": { "line": 14, "column": 0 },
        "end": { "line": 14, "column": 27 }
      },
      "14": {
        "start": { "line": 15, "column": 0 },
        "end": { "line": 15, "column": 27 }
      },
      "15": {
        "start": { "line": 16, "column": 0 },
        "end": { "line": 16, "column": 27 }
      },
      "16": {
        "start": { "line": 17, "column": 0 },
        "end": { "line": 17, "column": 27 }
      },
      "17": {
        "start": { "line": 18, "column": 0 },
        "end": { "line": 18, "column": 27 }
      },
      "18": {
        "start": { "line": 19, "column": 0 },
        "end": { "line": 19, "column": 27 }
      },
      "19": {
        "start": { "line": 20, "column": 0 },
        "end": { "line": 20, "column": 27 }
      },
      "20": {
        "start": { "line": 21, "column": 0 },
        "end": { "line": 21, "column": 27 }
      },
      "21": {
        "start": { "line": 22, "column": 0 },
        "end": { "line": 22, "column": 27 }
      },
      "22": {
        "start": { "line": 23, "column": 0 },
        "end": { "line": 23, "column": 27 }
      },
      "23": {
        "start": { "line": 24, "column": 0 },
        "end": { "line": 24, "column": 27 }
      },
      "24": {
        "start": { "line": 25, "column": 0 },
        "end": { "line": 25, "column": 27 }
      },
      "25": {
        "start": { "line": 26, "column": 0 },
        "end": { "line": 26, "column": 27 }
      },
      "26": {
        "start": { "line": 27, "column": 0 },
        "end": { "line": 27, "column": 27 }
      },
      "27": {
        "start": { "line": 28, "column": 0 },
        "end": { "line": 28, "column": 27 }
      },
      "28": {
        "start": { "line": 29, "column": 0 },
        "end": { "line": 29, "column": 27 }
      },
      "29": {
        "start": { "line": 30, "column": 0 },
        "end": { "line": 30, "column": 27 }
      },
      "30": {
        "start": { "line": 31, "column": 0 },
        "end": { "line": 31, "column": 27 }
      },
      "31": {
        "start": { "line": 32, "column": 0 },
        "end": { "line": 32, "column": 27 }
      },
      "32": {
        "start": { "line": 33, "column": 0 },
        "end": { "line": 33, "column": 27 }
      },
      "33": {
        "start": { "line": 34, "column": 0 },
        "end": { "line": 34, "column": 27 }
      },
      "34": {
        "start": { "line": 35, "column": 0 },
        "end": { "line": 35, "column": 27 }
      },
      "35": {
        "start": { "line": 36, "column": 0 },
        "end": { "line": 36, "column": 28 }
      },
      "36": {
        "start": { "line": 37, "column": 0 },
        "end": { "line": 37, "column": 28 }
      },
      "37": {
        "start": { "line": 38, "column": 0 },
        "end": { "line": 38, "column": 28 }
      },
      "38": {
        "start": { "line": 39, "column": 0 },
        "end": { "line": 39, "column": 28 }
      },
      "39": {
        "start": { "line": 40, "column": 0 },
        "end": { "line": 40, "column": 27 }
      },
      "40": {
        "start": { "line": 41, "column": 0 },
        "end": { "line": 41, "column": 27 }
      },
      "41": {
        "start": { "line": 42, "column": 0 },
        "end": { "line": 42, "column": 27 }
      },
      "42": {
        "start": { "line": 43, "column": 0 },
        "end": { "line": 43, "column": 27 }
      },
      "43": {
        "start": { "line": 44, "column": 0 },
        "end": { "line": 44, "column": 28 }
      },
      "44": {
        "start": { "line": 45, "column": 0 },
        "end": { "line": 45, "column": 28 }
      },
      "45": {
        "start": { "line": 46, "column": 0 },
        "end": { "line": 46, "column": 28 }
      },
      "46": {
        "start": { "line": 47, "column": 0 },
        "end": { "line": 47, "column": 28 }
      },
      "47": {
        "start": { "line": 48, "column": 0 },
        "end": { "line": 48, "column": 28 }
      },
      "48": {
        "start": { "line": 49, "column": 0 },
        "end": { "line": 49, "column": 28 }
      },
      "49": {
        "start": { "line": 50, "column": 0 },
        "end": { "line": 50, "column": 28 }
      },
      "50": {
        "start": { "line": 51, "column": 0 },
        "end": { "line": 51, "column": 28 }
      },
      "51": {
        "start": { "line": 52, "column": 0 },
        "end": { "line": 52, "column": 28 }
      },
      "52": {
        "start": { "line": 53, "column": 0 },
        "end": { "line": 53, "column": 28 }
      },
      "53": {
        "start": { "line": 54, "column": 0 },
        "end": { "line": 54, "column": 28 }
      },
      "54": {
        "start": { "line": 55, "column": 0 },
        "end": { "line": 55, "column": 28 }
      },
      "55": {
        "start": { "line": 56, "column": 0 },
        "end": { "line": 56, "column": 2 }
      },
      "56": {
        "start": { "line": 57, "column": 0 },
        "end": { "line": 57, "column": 0 }
      },
      "57": {
        "start": { "line": 58, "column": 0 },
        "end": { "line": 58, "column": 50 }
      },
      "58": {
        "start": { "line": 59, "column": 0 },
        "end": { "line": 59, "column": 49 }
      },
      "59": {
        "start": { "line": 60, "column": 0 },
        "end": { "line": 60, "column": 36 }
      },
      "60": {
        "start": { "line": 61, "column": 0 },
        "end": { "line": 61, "column": 48 }
      }
    },
    "s": {
      "0": 1,
      "1": 1,
      "2": 1,
      "3": 1,
      "4": 1,
      "5": 1,
      "6": 1,
      "7": 1,
      "8": 1,
      "9": 1,
      "10": 1,
      "11": 1,
      "12": 1,
      "13": 1,
      "14": 1,
      "15": 1,
      "16": 1,
      "17": 1,
      "18": 1,
      "19": 1,
      "20": 1,
      "21": 1,
      "22": 1,
      "23": 1,
      "24": 1,
      "25": 1,
      "26": 1,
      "27": 1,
      "28": 1,
      "29": 1,
      "30": 1,
      "31": 1,
      "32": 1,
      "33": 1,
      "34": 1,
      "35": 1,
      "36": 1,
      "37": 1,
      "38": 1,
      "39": 1,
      "40": 1,
      "41": 1,
      "42": 1,
      "43": 1,
      "44": 1,
      "45": 1,
      "46": 1,
      "47": 1,
      "48": 1,
      "49": 1,
      "50": 1,
      "51": 1,
      "52": 1,
      "53": 1,
      "54": 1,
      "55": 1,
      "56": 1,
      "57": 1,
      "58": 1,
      "59": 1,
      "60": 1
    },
    "branchMap": {},
    "b": {},
    "fnMap": {},
    "f": {}
  }
}
