{
  "/Users/akmalanvarov/Projects/war-game-rest/src/Board.ts": {
    "path": "/Users/akmalanvarov/Projects/war-game-rest/src/Board.ts",
    "all": false,
    "statementMap": {
      "0": {
        "start": { "line": 1, "column": 0 },
        "end": { "line": 1, "column": 36 }
      },
      "1": {
        "start": { "line": 2, "column": 0 },
        "end": { "line": 2, "column": 0 }
      },
      "2": {
        "start": { "line": 3, "column": 0 },
        "end": { "line": 3, "column": 20 }
      },
      "3": {
        "start": { "line": 4, "column": 0 },
        "end": { "line": 4, "column": 38 }
      },
      "4": {
        "start": { "line": 5, "column": 0 },
        "end": { "line": 5, "column": 29 }
      },
      "5": {
        "start": { "line": 6, "column": 0 },
        "end": { "line": 6, "column": 30 }
      },
      "6": {
        "start": { "line": 7, "column": 0 },
        "end": { "line": 7, "column": 3 }
      },
      "7": {
        "start": { "line": 8, "column": 0 },
        "end": { "line": 8, "column": 34 }
      },
      "8": {
        "start": { "line": 9, "column": 0 },
        "end": { "line": 9, "column": 31 }
      },
      "9": {
        "start": { "line": 10, "column": 0 },
        "end": { "line": 10, "column": 3 }
      },
      "10": {
        "start": { "line": 11, "column": 0 },
        "end": { "line": 11, "column": 0 }
      },
      "11": {
        "start": { "line": 12, "column": 0 },
        "end": { "line": 12, "column": 24 }
      },
      "12": {
        "start": { "line": 13, "column": 0 },
        "end": { "line": 13, "column": 27 }
      },
      "13": {
        "start": { "line": 14, "column": 0 },
        "end": { "line": 14, "column": 3 }
      },
      "14": {
        "start": { "line": 15, "column": 0 },
        "end": { "line": 15, "column": 49 }
      },
      "15": {
        "start": { "line": 16, "column": 0 },
        "end": { "line": 16, "column": 42 }
      },
      "16": {
        "start": { "line": 17, "column": 0 },
        "end": { "line": 17, "column": 51 }
      },
      "17": {
        "start": { "line": 18, "column": 0 },
        "end": { "line": 18, "column": 38 }
      },
      "18": {
        "start": { "line": 19, "column": 0 },
        "end": { "line": 19, "column": 3 }
      },
      "19": {
        "start": { "line": 20, "column": 0 },
        "end": { "line": 20, "column": 1 }
      }
    },
    "s": {
      "0": 2,
      "1": 2,
      "2": 4,
      "3": 4,
      "4": 4,
      "5": 28,
      "6": 28,
      "7": 4,
      "8": 32,
      "9": 32,
      "10": 4,
      "11": 4,
      "12": 14,
      "13": 14,
      "14": 4,
      "15": 14,
      "16": 14,
      "17": 14,
      "18": 14,
      "19": 4
    },
    "branchMap": {
      "0": {
        "type": "branch",
        "line": 3,
        "loc": {
          "start": { "line": 3, "column": 0 },
          "end": { "line": 20, "column": 1 }
        },
        "locations": [
          {
            "start": { "line": 3, "column": 0 },
            "end": { "line": 20, "column": 1 }
          }
        ]
      },
      "1": {
        "type": "branch",
        "line": 12,
        "loc": {
          "start": { "line": 12, "column": 2 },
          "end": { "line": 14, "column": 3 }
        },
        "locations": [
          {
            "start": { "line": 12, "column": 2 },
            "end": { "line": 14, "column": 3 }
          }
        ]
      },
      "2": {
        "type": "branch",
        "line": 5,
        "loc": {
          "start": { "line": 5, "column": 2 },
          "end": { "line": 7, "column": 3 }
        },
        "locations": [
          {
            "start": { "line": 5, "column": 2 },
            "end": { "line": 7, "column": 3 }
          }
        ]
      },
      "3": {
        "type": "branch",
        "line": 8,
        "loc": {
          "start": { "line": 8, "column": 2 },
          "end": { "line": 10, "column": 3 }
        },
        "locations": [
          {
            "start": { "line": 8, "column": 2 },
            "end": { "line": 10, "column": 3 }
          }
        ]
      },
      "4": {
        "type": "branch",
        "line": 15,
        "loc": {
          "start": { "line": 15, "column": 2 },
          "end": { "line": 19, "column": 3 }
        },
        "locations": [
          {
            "start": { "line": 15, "column": 2 },
            "end": { "line": 19, "column": 3 }
          }
        ]
      }
    },
    "b": { "0": [4], "1": [14], "2": [28], "3": [32], "4": [14] },
    "fnMap": {
      "0": {
        "name": "Board",
        "decl": {
          "start": { "line": 12, "column": 2 },
          "end": { "line": 14, "column": 3 }
        },
        "loc": {
          "start": { "line": 12, "column": 2 },
          "end": { "line": 14, "column": 3 }
        },
        "line": 12
      },
      "1": {
        "name": "get",
        "decl": {
          "start": { "line": 5, "column": 2 },
          "end": { "line": 7, "column": 3 }
        },
        "loc": {
          "start": { "line": 5, "column": 2 },
          "end": { "line": 7, "column": 3 }
        },
        "line": 5
      },
      "2": {
        "name": "set",
        "decl": {
          "start": { "line": 8, "column": 2 },
          "end": { "line": 10, "column": 3 }
        },
        "loc": {
          "start": { "line": 8, "column": 2 },
          "end": { "line": 10, "column": 3 }
        },
        "line": 8
      },
      "3": {
        "name": "Object.<anonymous>.Board.addToBoard",
        "decl": {
          "start": { "line": 15, "column": 2 },
          "end": { "line": 19, "column": 3 }
        },
        "loc": {
          "start": { "line": 15, "column": 2 },
          "end": { "line": 19, "column": 3 }
        },
        "line": 15
      }
    },
    "f": { "0": 14, "1": 28, "2": 32, "3": 14 }
  },
  "/Users/akmalanvarov/Projects/war-game-rest/src/Deck.ts": {
    "path": "/Users/akmalanvarov/Projects/war-game-rest/src/Deck.ts",
    "all": false,
    "statementMap": {
      "0": {
        "start": { "line": 1, "column": 0 },
        "end": { "line": 1, "column": 24 }
      },
      "1": {
        "start": { "line": 2, "column": 0 },
        "end": { "line": 2, "column": 15 }
      },
      "2": {
        "start": { "line": 3, "column": 0 },
        "end": { "line": 3, "column": 16 }
      },
      "3": {
        "start": { "line": 4, "column": 0 },
        "end": { "line": 4, "column": 1 }
      },
      "4": {
        "start": { "line": 5, "column": 0 },
        "end": { "line": 5, "column": 0 }
      },
      "5": {
        "start": { "line": 6, "column": 0 },
        "end": { "line": 6, "column": 19 }
      },
      "6": {
        "start": { "line": 7, "column": 0 },
        "end": { "line": 7, "column": 31 }
      },
      "7": {
        "start": { "line": 8, "column": 0 },
        "end": { "line": 8, "column": 36 }
      },
      "8": {
        "start": { "line": 9, "column": 0 },
        "end": { "line": 9, "column": 23 }
      },
      "9": {
        "start": { "line": 10, "column": 0 },
        "end": { "line": 10, "column": 3 }
      },
      "10": {
        "start": { "line": 11, "column": 0 },
        "end": { "line": 11, "column": 41 }
      },
      "11": {
        "start": { "line": 12, "column": 0 },
        "end": { "line": 12, "column": 24 }
      },
      "12": {
        "start": { "line": 13, "column": 0 },
        "end": { "line": 13, "column": 3 }
      },
      "13": {
        "start": { "line": 14, "column": 0 },
        "end": { "line": 14, "column": 0 }
      },
      "14": {
        "start": { "line": 15, "column": 0 },
        "end": { "line": 15, "column": 44 }
      },
      "15": {
        "start": { "line": 16, "column": 0 },
        "end": { "line": 16, "column": 36 }
      },
      "16": {
        "start": { "line": 17, "column": 0 },
        "end": { "line": 17, "column": 3 }
      },
      "17": {
        "start": { "line": 18, "column": 0 },
        "end": { "line": 18, "column": 57 }
      },
      "18": {
        "start": { "line": 19, "column": 0 },
        "end": { "line": 19, "column": 23 }
      },
      "19": {
        "start": { "line": 20, "column": 0 },
        "end": { "line": 20, "column": 35 }
      },
      "20": {
        "start": { "line": 21, "column": 0 },
        "end": { "line": 21, "column": 18 }
      },
      "21": {
        "start": { "line": 22, "column": 0 },
        "end": { "line": 22, "column": 31 }
      },
      "22": {
        "start": { "line": 23, "column": 0 },
        "end": { "line": 23, "column": 61 }
      },
      "23": {
        "start": { "line": 24, "column": 0 },
        "end": { "line": 24, "column": 21 }
      },
      "24": {
        "start": { "line": 25, "column": 0 },
        "end": { "line": 25, "column": 49 }
      },
      "25": {
        "start": { "line": 26, "column": 0 },
        "end": { "line": 26, "column": 26 }
      },
      "26": {
        "start": { "line": 27, "column": 0 },
        "end": { "line": 27, "column": 27 }
      },
      "27": {
        "start": { "line": 28, "column": 0 },
        "end": { "line": 28, "column": 8 }
      },
      "28": {
        "start": { "line": 29, "column": 0 },
        "end": { "line": 29, "column": 5 }
      },
      "29": {
        "start": { "line": 30, "column": 0 },
        "end": { "line": 30, "column": 0 }
      },
      "30": {
        "start": { "line": 31, "column": 0 },
        "end": { "line": 31, "column": 16 }
      },
      "31": {
        "start": { "line": 32, "column": 0 },
        "end": { "line": 32, "column": 3 }
      },
      "32": {
        "start": { "line": 33, "column": 0 },
        "end": { "line": 33, "column": 0 }
      },
      "33": {
        "start": { "line": 34, "column": 0 },
        "end": { "line": 34, "column": 45 }
      },
      "34": {
        "start": { "line": 35, "column": 0 },
        "end": { "line": 35, "column": 40 }
      },
      "35": {
        "start": { "line": 36, "column": 0 },
        "end": { "line": 36, "column": 49 }
      },
      "36": {
        "start": { "line": 37, "column": 0 },
        "end": { "line": 37, "column": 3 }
      },
      "37": {
        "start": { "line": 38, "column": 0 },
        "end": { "line": 38, "column": 1 }
      }
    },
    "s": {
      "0": 2,
      "1": 2,
      "2": 2,
      "3": 2,
      "4": 2,
      "5": 6,
      "6": 6,
      "7": 6,
      "8": 94,
      "9": 94,
      "10": 6,
      "11": 102,
      "12": 102,
      "13": 6,
      "14": 6,
      "15": 66,
      "16": 66,
      "17": 6,
      "18": 8,
      "19": 8,
      "20": 8,
      "21": 8,
      "22": 222,
      "23": 222,
      "24": 222,
      "25": 222,
      "26": 222,
      "27": 222,
      "28": 222,
      "29": 8,
      "30": 8,
      "31": 8,
      "32": 6,
      "33": 6,
      "34": 6,
      "35": 6,
      "36": 6,
      "37": 6
    },
    "branchMap": {
      "0": {
        "type": "branch",
        "line": 6,
        "loc": {
          "start": { "line": 6, "column": 0 },
          "end": { "line": 38, "column": 1 }
        },
        "locations": [
          {
            "start": { "line": 6, "column": 0 },
            "end": { "line": 38, "column": 1 }
          }
        ]
      },
      "1": {
        "type": "branch",
        "line": 15,
        "loc": {
          "start": { "line": 15, "column": 2 },
          "end": { "line": 17, "column": 3 }
        },
        "locations": [
          {
            "start": { "line": 15, "column": 2 },
            "end": { "line": 17, "column": 3 }
          }
        ]
      },
      "2": {
        "type": "branch",
        "line": 16,
        "loc": {
          "start": { "line": 16, "column": 23 },
          "end": { "line": 16, "column": 30 }
        },
        "locations": [
          {
            "start": { "line": 16, "column": 23 },
            "end": { "line": 16, "column": 30 }
          }
        ]
      },
      "3": {
        "type": "branch",
        "line": 16,
        "loc": {
          "start": { "line": 16, "column": 31 },
          "end": { "line": 16, "column": 35 }
        },
        "locations": [
          {
            "start": { "line": 16, "column": 31 },
            "end": { "line": 16, "column": 35 }
          }
        ]
      },
      "4": {
        "type": "branch",
        "line": 8,
        "loc": {
          "start": { "line": 8, "column": 2 },
          "end": { "line": 10, "column": 3 }
        },
        "locations": [
          {
            "start": { "line": 8, "column": 2 },
            "end": { "line": 10, "column": 3 }
          }
        ]
      },
      "5": {
        "type": "branch",
        "line": 11,
        "loc": {
          "start": { "line": 11, "column": 2 },
          "end": { "line": 13, "column": 3 }
        },
        "locations": [
          {
            "start": { "line": 11, "column": 2 },
            "end": { "line": 13, "column": 3 }
          }
        ]
      },
      "6": {
        "type": "branch",
        "line": 18,
        "loc": {
          "start": { "line": 18, "column": 2 },
          "end": { "line": 32, "column": 3 }
        },
        "locations": [
          {
            "start": { "line": 18, "column": 2 },
            "end": { "line": 32, "column": 3 }
          }
        ]
      },
      "7": {
        "type": "branch",
        "line": 22,
        "loc": {
          "start": { "line": 22, "column": 30 },
          "end": { "line": 29, "column": 5 }
        },
        "locations": [
          {
            "start": { "line": 22, "column": 30 },
            "end": { "line": 29, "column": 5 }
          }
        ]
      },
      "8": {
        "type": "branch",
        "line": 34,
        "loc": {
          "start": { "line": 34, "column": 2 },
          "end": { "line": 37, "column": 3 }
        },
        "locations": [
          {
            "start": { "line": 34, "column": 2 },
            "end": { "line": 37, "column": 3 }
          }
        ]
      }
    },
    "b": {
      "0": [6],
      "1": [66],
      "2": [64],
      "3": [2],
      "4": [94],
      "5": [102],
      "6": [8],
      "7": [222],
      "8": [6]
    },
    "fnMap": {
      "0": {
        "name": "Deck",
        "decl": {
          "start": { "line": 15, "column": 2 },
          "end": { "line": 17, "column": 3 }
        },
        "loc": {
          "start": { "line": 15, "column": 2 },
          "end": { "line": 17, "column": 3 }
        },
        "line": 15
      },
      "1": {
        "name": "get",
        "decl": {
          "start": { "line": 8, "column": 2 },
          "end": { "line": 10, "column": 3 }
        },
        "loc": {
          "start": { "line": 8, "column": 2 },
          "end": { "line": 10, "column": 3 }
        },
        "line": 8
      },
      "2": {
        "name": "set",
        "decl": {
          "start": { "line": 11, "column": 2 },
          "end": { "line": 13, "column": 3 }
        },
        "loc": {
          "start": { "line": 11, "column": 2 },
          "end": { "line": 13, "column": 3 }
        },
        "line": 11
      },
      "3": {
        "name": "Object.<anonymous>.Deck.shuffleDeck",
        "decl": {
          "start": { "line": 18, "column": 2 },
          "end": { "line": 32, "column": 3 }
        },
        "loc": {
          "start": { "line": 18, "column": 2 },
          "end": { "line": 32, "column": 3 }
        },
        "line": 18
      },
      "4": {
        "name": "Object.<anonymous>.Deck.addToDeck",
        "decl": {
          "start": { "line": 34, "column": 2 },
          "end": { "line": 37, "column": 3 }
        },
        "loc": {
          "start": { "line": 34, "column": 2 },
          "end": { "line": 37, "column": 3 }
        },
        "line": 34
      }
    },
    "f": { "0": 66, "1": 94, "2": 102, "3": 8, "4": 6 }
  },
  "/Users/akmalanvarov/Projects/war-game-rest/src/Game.ts": {
    "path": "/Users/akmalanvarov/Projects/war-game-rest/src/Game.ts",
    "all": false,
    "statementMap": {
      "0": {
        "start": { "line": 1, "column": 0 },
        "end": { "line": 1, "column": 32 }
      },
      "1": {
        "start": { "line": 2, "column": 0 },
        "end": { "line": 2, "column": 34 }
      },
      "2": {
        "start": { "line": 3, "column": 0 },
        "end": { "line": 3, "column": 0 }
      },
      "3": {
        "start": { "line": 4, "column": 0 },
        "end": { "line": 4, "column": 19 }
      },
      "4": {
        "start": { "line": 5, "column": 0 },
        "end": { "line": 5, "column": 38 }
      },
      "5": {
        "start": { "line": 6, "column": 0 },
        "end": { "line": 6, "column": 24 }
      },
      "6": {
        "start": { "line": 7, "column": 0 },
        "end": { "line": 7, "column": 29 }
      },
      "7": {
        "start": { "line": 8, "column": 0 },
        "end": { "line": 8, "column": 29 }
      },
      "8": {
        "start": { "line": 9, "column": 0 },
        "end": { "line": 9, "column": 0 }
      },
      "9": {
        "start": { "line": 10, "column": 0 },
        "end": { "line": 10, "column": 34 }
      },
      "10": {
        "start": { "line": 11, "column": 0 },
        "end": { "line": 11, "column": 27 }
      },
      "11": {
        "start": { "line": 12, "column": 0 },
        "end": { "line": 12, "column": 3 }
      },
      "12": {
        "start": { "line": 13, "column": 0 },
        "end": { "line": 13, "column": 39 }
      },
      "13": {
        "start": { "line": 14, "column": 0 },
        "end": { "line": 14, "column": 28 }
      },
      "14": {
        "start": { "line": 15, "column": 0 },
        "end": { "line": 15, "column": 3 }
      },
      "15": {
        "start": { "line": 16, "column": 0 },
        "end": { "line": 16, "column": 34 }
      },
      "16": {
        "start": { "line": 17, "column": 0 },
        "end": { "line": 17, "column": 27 }
      },
      "17": {
        "start": { "line": 18, "column": 0 },
        "end": { "line": 18, "column": 3 }
      },
      "18": {
        "start": { "line": 19, "column": 0 },
        "end": { "line": 19, "column": 39 }
      },
      "19": {
        "start": { "line": 20, "column": 0 },
        "end": { "line": 20, "column": 28 }
      },
      "20": {
        "start": { "line": 21, "column": 0 },
        "end": { "line": 21, "column": 3 }
      },
      "21": {
        "start": { "line": 22, "column": 0 },
        "end": { "line": 22, "column": 39 }
      },
      "22": {
        "start": { "line": 23, "column": 0 },
        "end": { "line": 23, "column": 44 }
      },
      "23": {
        "start": { "line": 24, "column": 0 },
        "end": { "line": 24, "column": 28 }
      },
      "24": {
        "start": { "line": 25, "column": 0 },
        "end": { "line": 25, "column": 3 }
      },
      "25": {
        "start": { "line": 26, "column": 0 },
        "end": { "line": 26, "column": 49 }
      },
      "26": {
        "start": { "line": 27, "column": 0 },
        "end": { "line": 27, "column": 29 }
      },
      "27": {
        "start": { "line": 28, "column": 0 },
        "end": { "line": 28, "column": 3 }
      },
      "28": {
        "start": { "line": 29, "column": 0 },
        "end": { "line": 29, "column": 29 }
      },
      "29": {
        "start": { "line": 30, "column": 0 },
        "end": { "line": 30, "column": 23 }
      },
      "30": {
        "start": { "line": 31, "column": 0 },
        "end": { "line": 31, "column": 3 }
      },
      "31": {
        "start": { "line": 32, "column": 0 },
        "end": { "line": 32, "column": 34 }
      },
      "32": {
        "start": { "line": 33, "column": 0 },
        "end": { "line": 33, "column": 24 }
      },
      "33": {
        "start": { "line": 34, "column": 0 },
        "end": { "line": 34, "column": 3 }
      },
      "34": {
        "start": { "line": 35, "column": 0 },
        "end": { "line": 35, "column": 23 }
      },
      "35": {
        "start": { "line": 36, "column": 0 },
        "end": { "line": 36, "column": 24 }
      },
      "36": {
        "start": { "line": 37, "column": 0 },
        "end": { "line": 37, "column": 3 }
      },
      "37": {
        "start": { "line": 38, "column": 0 },
        "end": { "line": 38, "column": 36 }
      },
      "38": {
        "start": { "line": 39, "column": 0 },
        "end": { "line": 39, "column": 25 }
      },
      "39": {
        "start": { "line": 40, "column": 0 },
        "end": { "line": 40, "column": 3 }
      },
      "40": {
        "start": { "line": 41, "column": 0 },
        "end": { "line": 41, "column": 0 }
      },
      "41": {
        "start": { "line": 42, "column": 0 },
        "end": { "line": 42, "column": 74 }
      },
      "42": {
        "start": { "line": 43, "column": 0 },
        "end": { "line": 43, "column": 31 }
      },
      "43": {
        "start": { "line": 44, "column": 0 },
        "end": { "line": 44, "column": 31 }
      },
      "44": {
        "start": { "line": 45, "column": 0 },
        "end": { "line": 45, "column": 23 }
      },
      "45": {
        "start": { "line": 46, "column": 0 },
        "end": { "line": 46, "column": 30 }
      },
      "46": {
        "start": { "line": 47, "column": 0 },
        "end": { "line": 47, "column": 28 }
      },
      "47": {
        "start": { "line": 48, "column": 0 },
        "end": { "line": 48, "column": 3 }
      },
      "48": {
        "start": { "line": 49, "column": 0 },
        "end": { "line": 49, "column": 54 }
      },
      "49": {
        "start": { "line": 50, "column": 0 },
        "end": { "line": 50, "column": 53 }
      },
      "50": {
        "start": { "line": 51, "column": 0 },
        "end": { "line": 51, "column": 35 }
      },
      "51": {
        "start": { "line": 52, "column": 0 },
        "end": { "line": 52, "column": 19 }
      },
      "52": {
        "start": { "line": 53, "column": 0 },
        "end": { "line": 53, "column": 78 }
      },
      "53": {
        "start": { "line": 54, "column": 0 },
        "end": { "line": 54, "column": 13 }
      },
      "54": {
        "start": { "line": 55, "column": 0 },
        "end": { "line": 55, "column": 5 }
      },
      "55": {
        "start": { "line": 56, "column": 0 },
        "end": { "line": 56, "column": 39 }
      },
      "56": {
        "start": { "line": 57, "column": 0 },
        "end": { "line": 57, "column": 3 }
      },
      "57": {
        "start": { "line": 58, "column": 0 },
        "end": { "line": 58, "column": 16 }
      },
      "58": {
        "start": { "line": 59, "column": 0 },
        "end": { "line": 59, "column": 30 }
      },
      "59": {
        "start": { "line": 60, "column": 0 },
        "end": { "line": 60, "column": 19 }
      },
      "60": {
        "start": { "line": 61, "column": 0 },
        "end": { "line": 61, "column": 41 }
      },
      "61": {
        "start": { "line": 62, "column": 0 },
        "end": { "line": 62, "column": 32 }
      },
      "62": {
        "start": { "line": 63, "column": 0 },
        "end": { "line": 63, "column": 0 }
      },
      "63": {
        "start": { "line": 64, "column": 0 },
        "end": { "line": 64, "column": 41 }
      },
      "64": {
        "start": { "line": 65, "column": 0 },
        "end": { "line": 65, "column": 32 }
      },
      "65": {
        "start": { "line": 66, "column": 0 },
        "end": { "line": 66, "column": 0 }
      },
      "66": {
        "start": { "line": 67, "column": 0 },
        "end": { "line": 67, "column": 28 }
      },
      "67": {
        "start": { "line": 68, "column": 0 },
        "end": { "line": 68, "column": 14 }
      },
      "68": {
        "start": { "line": 69, "column": 0 },
        "end": { "line": 69, "column": 17 }
      },
      "69": {
        "start": { "line": 70, "column": 0 },
        "end": { "line": 70, "column": 41 }
      },
      "70": {
        "start": { "line": 71, "column": 0 },
        "end": { "line": 71, "column": 32 }
      },
      "71": {
        "start": { "line": 72, "column": 0 },
        "end": { "line": 72, "column": 0 }
      },
      "72": {
        "start": { "line": 73, "column": 0 },
        "end": { "line": 73, "column": 41 }
      },
      "73": {
        "start": { "line": 74, "column": 0 },
        "end": { "line": 74, "column": 32 }
      },
      "74": {
        "start": { "line": 75, "column": 0 },
        "end": { "line": 75, "column": 0 }
      },
      "75": {
        "start": { "line": 76, "column": 0 },
        "end": { "line": 76, "column": 41 }
      },
      "76": {
        "start": { "line": 77, "column": 0 },
        "end": { "line": 77, "column": 32 }
      },
      "77": {
        "start": { "line": 78, "column": 0 },
        "end": { "line": 78, "column": 0 }
      },
      "78": {
        "start": { "line": 79, "column": 0 },
        "end": { "line": 79, "column": 41 }
      },
      "79": {
        "start": { "line": 80, "column": 0 },
        "end": { "line": 80, "column": 32 }
      },
      "80": {
        "start": { "line": 81, "column": 0 },
        "end": { "line": 81, "column": 0 }
      },
      "81": {
        "start": { "line": 82, "column": 0 },
        "end": { "line": 82, "column": 28 }
      },
      "82": {
        "start": { "line": 83, "column": 0 },
        "end": { "line": 83, "column": 14 }
      },
      "83": {
        "start": { "line": 84, "column": 0 },
        "end": { "line": 84, "column": 14 }
      },
      "84": {
        "start": { "line": 85, "column": 0 },
        "end": { "line": 85, "column": 24 }
      },
      "85": {
        "start": { "line": 86, "column": 0 },
        "end": { "line": 86, "column": 73 }
      },
      "86": {
        "start": { "line": 87, "column": 0 },
        "end": { "line": 87, "column": 10 }
      },
      "87": {
        "start": { "line": 88, "column": 0 },
        "end": { "line": 88, "column": 5 }
      },
      "88": {
        "start": { "line": 89, "column": 0 },
        "end": { "line": 89, "column": 3 }
      },
      "89": {
        "start": { "line": 90, "column": 0 },
        "end": { "line": 90, "column": 24 }
      },
      "90": {
        "start": { "line": 91, "column": 0 },
        "end": { "line": 91, "column": 40 }
      },
      "91": {
        "start": { "line": 92, "column": 0 },
        "end": { "line": 92, "column": 53 }
      },
      "92": {
        "start": { "line": 93, "column": 0 },
        "end": { "line": 93, "column": 53 }
      },
      "93": {
        "start": { "line": 94, "column": 0 },
        "end": { "line": 94, "column": 8 }
      },
      "94": {
        "start": { "line": 95, "column": 0 },
        "end": { "line": 95, "column": 44 }
      },
      "95": {
        "start": { "line": 96, "column": 0 },
        "end": { "line": 96, "column": 42 }
      },
      "96": {
        "start": { "line": 97, "column": 0 },
        "end": { "line": 97, "column": 7 }
      },
      "97": {
        "start": { "line": 98, "column": 0 },
        "end": { "line": 98, "column": 32 }
      },
      "98": {
        "start": { "line": 99, "column": 0 },
        "end": { "line": 99, "column": 56 }
      },
      "99": {
        "start": { "line": 100, "column": 0 },
        "end": { "line": 100, "column": 35 }
      },
      "100": {
        "start": { "line": 101, "column": 0 },
        "end": { "line": 101, "column": 13 }
      },
      "101": {
        "start": { "line": 102, "column": 0 },
        "end": { "line": 102, "column": 15 }
      },
      "102": {
        "start": { "line": 103, "column": 0 },
        "end": { "line": 103, "column": 44 }
      },
      "103": {
        "start": { "line": 104, "column": 0 },
        "end": { "line": 104, "column": 42 }
      },
      "104": {
        "start": { "line": 105, "column": 0 },
        "end": { "line": 105, "column": 7 }
      },
      "105": {
        "start": { "line": 106, "column": 0 },
        "end": { "line": 106, "column": 32 }
      },
      "106": {
        "start": { "line": 107, "column": 0 },
        "end": { "line": 107, "column": 56 }
      },
      "107": {
        "start": { "line": 108, "column": 0 },
        "end": { "line": 108, "column": 35 }
      },
      "108": {
        "start": { "line": 109, "column": 0 },
        "end": { "line": 109, "column": 13 }
      },
      "109": {
        "start": { "line": 110, "column": 0 },
        "end": { "line": 110, "column": 12 }
      },
      "110": {
        "start": { "line": 111, "column": 0 },
        "end": { "line": 111, "column": 30 }
      },
      "111": {
        "start": { "line": 112, "column": 0 },
        "end": { "line": 112, "column": 13 }
      },
      "112": {
        "start": { "line": 113, "column": 0 },
        "end": { "line": 113, "column": 5 }
      },
      "113": {
        "start": { "line": 114, "column": 0 },
        "end": { "line": 114, "column": 3 }
      },
      "114": {
        "start": { "line": 115, "column": 0 },
        "end": { "line": 115, "column": 1 }
      }
    },
    "s": {
      "0": 2,
      "1": 2,
      "2": 2,
      "3": 2,
      "4": 2,
      "5": 2,
      "6": 2,
      "7": 2,
      "8": 2,
      "9": 2,
      "10": 10,
      "11": 10,
      "12": 2,
      "13": 10,
      "14": 10,
      "15": 2,
      "16": 16,
      "17": 16,
      "18": 2,
      "19": 10,
      "20": 10,
      "21": 2,
      "22": 2,
      "23": 6,
      "24": 6,
      "25": 2,
      "26": 16,
      "27": 16,
      "28": 2,
      "29": 26,
      "30": 26,
      "31": 2,
      "32": 10,
      "33": 10,
      "34": 2,
      "35": 6,
      "36": 6,
      "37": 2,
      "38": 10,
      "39": 10,
      "40": 2,
      "41": 2,
      "42": 10,
      "43": 10,
      "44": 10,
      "45": 10,
      "46": 10,
      "47": 10,
      "48": 2,
      "49": 12,
      "50": 12,
      "51": 0,
      "52": 0,
      "53": 0,
      "54": 0,
      "55": 12,
      "56": 12,
      "57": 2,
      "58": 2,
      "59": 2,
      "60": 2,
      "61": 2,
      "62": 2,
      "63": 2,
      "64": 2,
      "65": 2,
      "66": 2,
      "67": 2,
      "68": 2,
      "69": 0,
      "70": 0,
      "71": 0,
      "72": 0,
      "73": 0,
      "74": 0,
      "75": 0,
      "76": 0,
      "77": 0,
      "78": 0,
      "79": 0,
      "80": 0,
      "81": 0,
      "82": 0,
      "83": 2,
      "84": 0,
      "85": 0,
      "86": 0,
      "87": 2,
      "88": 2,
      "89": 2,
      "90": 4,
      "91": 4,
      "92": 4,
      "93": 4,
      "94": 4,
      "95": 4,
      "96": 4,
      "97": 2,
      "98": 2,
      "99": 2,
      "100": 2,
      "101": 2,
      "102": 2,
      "103": 2,
      "104": 2,
      "105": 2,
      "106": 2,
      "107": 2,
      "108": 2,
      "109": 2,
      "110": 0,
      "111": 0,
      "112": 0,
      "113": 4,
      "114": 2
    },
    "branchMap": {
      "0": {
        "type": "branch",
        "line": 4,
        "loc": {
          "start": { "line": 4, "column": 0 },
          "end": { "line": 115, "column": 1 }
        },
        "locations": [
          {
            "start": { "line": 4, "column": 0 },
            "end": { "line": 115, "column": 1 }
          }
        ]
      },
      "1": {
        "type": "branch",
        "line": 42,
        "loc": {
          "start": { "line": 42, "column": 2 },
          "end": { "line": 48, "column": 3 }
        },
        "locations": [
          {
            "start": { "line": 42, "column": 2 },
            "end": { "line": 48, "column": 3 }
          }
        ]
      },
      "2": {
        "type": "branch",
        "line": 10,
        "loc": {
          "start": { "line": 10, "column": 2 },
          "end": { "line": 12, "column": 3 }
        },
        "locations": [
          {
            "start": { "line": 10, "column": 2 },
            "end": { "line": 12, "column": 3 }
          }
        ]
      },
      "3": {
        "type": "branch",
        "line": 13,
        "loc": {
          "start": { "line": 13, "column": 2 },
          "end": { "line": 15, "column": 3 }
        },
        "locations": [
          {
            "start": { "line": 13, "column": 2 },
            "end": { "line": 15, "column": 3 }
          }
        ]
      },
      "4": {
        "type": "branch",
        "line": 16,
        "loc": {
          "start": { "line": 16, "column": 2 },
          "end": { "line": 18, "column": 3 }
        },
        "locations": [
          {
            "start": { "line": 16, "column": 2 },
            "end": { "line": 18, "column": 3 }
          }
        ]
      },
      "5": {
        "type": "branch",
        "line": 19,
        "loc": {
          "start": { "line": 19, "column": 2 },
          "end": { "line": 21, "column": 3 }
        },
        "locations": [
          {
            "start": { "line": 19, "column": 2 },
            "end": { "line": 21, "column": 3 }
          }
        ]
      },
      "6": {
        "type": "branch",
        "line": 23,
        "loc": {
          "start": { "line": 23, "column": 2 },
          "end": { "line": 25, "column": 3 }
        },
        "locations": [
          {
            "start": { "line": 23, "column": 2 },
            "end": { "line": 25, "column": 3 }
          }
        ]
      },
      "7": {
        "type": "branch",
        "line": 26,
        "loc": {
          "start": { "line": 26, "column": 2 },
          "end": { "line": 28, "column": 3 }
        },
        "locations": [
          {
            "start": { "line": 26, "column": 2 },
            "end": { "line": 28, "column": 3 }
          }
        ]
      },
      "8": {
        "type": "branch",
        "line": 29,
        "loc": {
          "start": { "line": 29, "column": 2 },
          "end": { "line": 31, "column": 3 }
        },
        "locations": [
          {
            "start": { "line": 29, "column": 2 },
            "end": { "line": 31, "column": 3 }
          }
        ]
      },
      "9": {
        "type": "branch",
        "line": 32,
        "loc": {
          "start": { "line": 32, "column": 2 },
          "end": { "line": 34, "column": 3 }
        },
        "locations": [
          {
            "start": { "line": 32, "column": 2 },
            "end": { "line": 34, "column": 3 }
          }
        ]
      },
      "10": {
        "type": "branch",
        "line": 35,
        "loc": {
          "start": { "line": 35, "column": 2 },
          "end": { "line": 37, "column": 3 }
        },
        "locations": [
          {
            "start": { "line": 35, "column": 2 },
            "end": { "line": 37, "column": 3 }
          }
        ]
      },
      "11": {
        "type": "branch",
        "line": 38,
        "loc": {
          "start": { "line": 38, "column": 2 },
          "end": { "line": 40, "column": 3 }
        },
        "locations": [
          {
            "start": { "line": 38, "column": 2 },
            "end": { "line": 40, "column": 3 }
          }
        ]
      },
      "12": {
        "type": "branch",
        "line": 49,
        "loc": {
          "start": { "line": 49, "column": 2 },
          "end": { "line": 57, "column": 3 }
        },
        "locations": [
          {
            "start": { "line": 49, "column": 2 },
            "end": { "line": 57, "column": 3 }
          }
        ]
      },
      "13": {
        "type": "branch",
        "line": 51,
        "loc": {
          "start": { "line": 51, "column": 34 },
          "end": { "line": 55, "column": 5 }
        },
        "locations": [
          {
            "start": { "line": 51, "column": 34 },
            "end": { "line": 55, "column": 5 }
          }
        ]
      },
      "14": {
        "type": "branch",
        "line": 58,
        "loc": {
          "start": { "line": 58, "column": 2 },
          "end": { "line": 89, "column": 3 }
        },
        "locations": [
          {
            "start": { "line": 58, "column": 2 },
            "end": { "line": 89, "column": 3 }
          }
        ]
      },
      "15": {
        "type": "branch",
        "line": 62,
        "loc": {
          "start": { "line": 62, "column": 25 },
          "end": { "line": 62, "column": 32 }
        },
        "locations": [
          {
            "start": { "line": 62, "column": 25 },
            "end": { "line": 62, "column": 32 }
          }
        ]
      },
      "16": {
        "type": "branch",
        "line": 65,
        "loc": {
          "start": { "line": 65, "column": 25 },
          "end": { "line": 65, "column": 32 }
        },
        "locations": [
          {
            "start": { "line": 65, "column": 25 },
            "end": { "line": 65, "column": 32 }
          }
        ]
      },
      "17": {
        "type": "branch",
        "line": 69,
        "loc": {
          "start": { "line": 69, "column": 6 },
          "end": { "line": 83, "column": 14 }
        },
        "locations": [
          {
            "start": { "line": 69, "column": 6 },
            "end": { "line": 83, "column": 14 }
          }
        ]
      },
      "18": {
        "type": "branch",
        "line": 84,
        "loc": {
          "start": { "line": 84, "column": 6 },
          "end": { "line": 87, "column": 10 }
        },
        "locations": [
          {
            "start": { "line": 84, "column": 6 },
            "end": { "line": 87, "column": 10 }
          }
        ]
      },
      "19": {
        "type": "branch",
        "line": 90,
        "loc": {
          "start": { "line": 90, "column": 2 },
          "end": { "line": 114, "column": 3 }
        },
        "locations": [
          {
            "start": { "line": 90, "column": 2 },
            "end": { "line": 114, "column": 3 }
          }
        ]
      },
      "20": {
        "type": "branch",
        "line": 97,
        "loc": {
          "start": { "line": 97, "column": 6 },
          "end": { "line": 113, "column": 5 }
        },
        "locations": [
          {
            "start": { "line": 97, "column": 6 },
            "end": { "line": 113, "column": 5 }
          }
        ]
      },
      "21": {
        "type": "branch",
        "line": 110,
        "loc": {
          "start": { "line": 110, "column": 5 },
          "end": { "line": 113, "column": 5 }
        },
        "locations": [
          {
            "start": { "line": 110, "column": 5 },
            "end": { "line": 113, "column": 5 }
          }
        ]
      }
    },
    "b": {
      "0": [2],
      "1": [10],
      "2": [10],
      "3": [10],
      "4": [16],
      "5": [10],
      "6": [6],
      "7": [16],
      "8": [26],
      "9": [10],
      "10": [6],
      "11": [10],
      "12": [12],
      "13": [0],
      "14": [2],
      "15": [0],
      "16": [0],
      "17": [0],
      "18": [0],
      "19": [4],
      "20": [2],
      "21": [0]
    },
    "fnMap": {
      "0": {
        "name": "Game",
        "decl": {
          "start": { "line": 42, "column": 2 },
          "end": { "line": 48, "column": 3 }
        },
        "loc": {
          "start": { "line": 42, "column": 2 },
          "end": { "line": 48, "column": 3 }
        },
        "line": 42
      },
      "1": {
        "name": "get",
        "decl": {
          "start": { "line": 10, "column": 2 },
          "end": { "line": 12, "column": 3 }
        },
        "loc": {
          "start": { "line": 10, "column": 2 },
          "end": { "line": 12, "column": 3 }
        },
        "line": 10
      },
      "2": {
        "name": "set",
        "decl": {
          "start": { "line": 13, "column": 2 },
          "end": { "line": 15, "column": 3 }
        },
        "loc": {
          "start": { "line": 13, "column": 2 },
          "end": { "line": 15, "column": 3 }
        },
        "line": 13
      },
      "3": {
        "name": "get",
        "decl": {
          "start": { "line": 16, "column": 2 },
          "end": { "line": 18, "column": 3 }
        },
        "loc": {
          "start": { "line": 16, "column": 2 },
          "end": { "line": 18, "column": 3 }
        },
        "line": 16
      },
      "4": {
        "name": "set",
        "decl": {
          "start": { "line": 19, "column": 2 },
          "end": { "line": 21, "column": 3 }
        },
        "loc": {
          "start": { "line": 19, "column": 2 },
          "end": { "line": 21, "column": 3 }
        },
        "line": 19
      },
      "5": {
        "name": "get",
        "decl": {
          "start": { "line": 23, "column": 2 },
          "end": { "line": 25, "column": 3 }
        },
        "loc": {
          "start": { "line": 23, "column": 2 },
          "end": { "line": 25, "column": 3 }
        },
        "line": 23
      },
      "6": {
        "name": "set",
        "decl": {
          "start": { "line": 26, "column": 2 },
          "end": { "line": 28, "column": 3 }
        },
        "loc": {
          "start": { "line": 26, "column": 2 },
          "end": { "line": 28, "column": 3 }
        },
        "line": 26
      },
      "7": {
        "name": "get",
        "decl": {
          "start": { "line": 29, "column": 2 },
          "end": { "line": 31, "column": 3 }
        },
        "loc": {
          "start": { "line": 29, "column": 2 },
          "end": { "line": 31, "column": 3 }
        },
        "line": 29
      },
      "8": {
        "name": "set",
        "decl": {
          "start": { "line": 32, "column": 2 },
          "end": { "line": 34, "column": 3 }
        },
        "loc": {
          "start": { "line": 32, "column": 2 },
          "end": { "line": 34, "column": 3 }
        },
        "line": 32
      },
      "9": {
        "name": "get",
        "decl": {
          "start": { "line": 35, "column": 2 },
          "end": { "line": 37, "column": 3 }
        },
        "loc": {
          "start": { "line": 35, "column": 2 },
          "end": { "line": 37, "column": 3 }
        },
        "line": 35
      },
      "10": {
        "name": "set",
        "decl": {
          "start": { "line": 38, "column": 2 },
          "end": { "line": 40, "column": 3 }
        },
        "loc": {
          "start": { "line": 38, "column": 2 },
          "end": { "line": 40, "column": 3 }
        },
        "line": 38
      },
      "11": {
        "name": "Object.<anonymous>.Game.nextMove",
        "decl": {
          "start": { "line": 49, "column": 2 },
          "end": { "line": 57, "column": 3 }
        },
        "loc": {
          "start": { "line": 49, "column": 2 },
          "end": { "line": 57, "column": 3 }
        },
        "line": 49
      },
      "12": {
        "name": "Object.<anonymous>.Game.play",
        "decl": {
          "start": { "line": 58, "column": 2 },
          "end": { "line": 89, "column": 3 }
        },
        "loc": {
          "start": { "line": 58, "column": 2 },
          "end": { "line": 89, "column": 3 }
        },
        "line": 58
      },
      "13": {
        "name": "Object.<anonymous>.Game.compareCards",
        "decl": {
          "start": { "line": 90, "column": 2 },
          "end": { "line": 114, "column": 3 }
        },
        "loc": {
          "start": { "line": 90, "column": 2 },
          "end": { "line": 114, "column": 3 }
        },
        "line": 90
      }
    },
    "f": {
      "0": 10,
      "1": 10,
      "2": 10,
      "3": 16,
      "4": 10,
      "5": 6,
      "6": 16,
      "7": 26,
      "8": 10,
      "9": 6,
      "10": 10,
      "11": 12,
      "12": 2,
      "13": 4
    }
  },
  "/Users/akmalanvarov/Projects/war-game-rest/src/Player.ts": {
    "path": "/Users/akmalanvarov/Projects/war-game-rest/src/Player.ts",
    "all": false,
    "statementMap": {
      "0": {
        "start": { "line": 1, "column": 0 },
        "end": { "line": 1, "column": 37 }
      },
      "1": {
        "start": { "line": 2, "column": 0 },
        "end": { "line": 2, "column": 0 }
      },
      "2": {
        "start": { "line": 3, "column": 0 },
        "end": { "line": 3, "column": 0 }
      },
      "3": {
        "start": { "line": 4, "column": 0 },
        "end": { "line": 4, "column": 21 }
      },
      "4": {
        "start": { "line": 5, "column": 0 },
        "end": { "line": 5, "column": 28 }
      },
      "5": {
        "start": { "line": 6, "column": 0 },
        "end": { "line": 6, "column": 30 }
      },
      "6": {
        "start": { "line": 7, "column": 0 },
        "end": { "line": 7, "column": 24 }
      },
      "7": {
        "start": { "line": 8, "column": 0 },
        "end": { "line": 8, "column": 35 }
      },
      "8": {
        "start": { "line": 9, "column": 0 },
        "end": { "line": 9, "column": 30 }
      },
      "9": {
        "start": { "line": 10, "column": 0 },
        "end": { "line": 10, "column": 3 }
      },
      "10": {
        "start": { "line": 11, "column": 0 },
        "end": { "line": 11, "column": 39 }
      },
      "11": {
        "start": { "line": 12, "column": 0 },
        "end": { "line": 12, "column": 30 }
      },
      "12": {
        "start": { "line": 13, "column": 0 },
        "end": { "line": 13, "column": 3 }
      },
      "13": {
        "start": { "line": 14, "column": 0 },
        "end": { "line": 14, "column": 29 }
      },
      "14": {
        "start": { "line": 15, "column": 0 },
        "end": { "line": 15, "column": 22 }
      },
      "15": {
        "start": { "line": 16, "column": 0 },
        "end": { "line": 16, "column": 3 }
      },
      "16": {
        "start": { "line": 17, "column": 0 },
        "end": { "line": 17, "column": 34 }
      },
      "17": {
        "start": { "line": 18, "column": 0 },
        "end": { "line": 18, "column": 23 }
      },
      "18": {
        "start": { "line": 19, "column": 0 },
        "end": { "line": 19, "column": 3 }
      },
      "19": {
        "start": { "line": 20, "column": 0 },
        "end": { "line": 20, "column": 33 }
      },
      "20": {
        "start": { "line": 21, "column": 0 },
        "end": { "line": 21, "column": 28 }
      },
      "21": {
        "start": { "line": 22, "column": 0 },
        "end": { "line": 22, "column": 3 }
      },
      "22": {
        "start": { "line": 23, "column": 0 },
        "end": { "line": 23, "column": 38 }
      },
      "23": {
        "start": { "line": 24, "column": 0 },
        "end": { "line": 24, "column": 29 }
      },
      "24": {
        "start": { "line": 25, "column": 0 },
        "end": { "line": 25, "column": 3 }
      },
      "25": {
        "start": { "line": 26, "column": 0 },
        "end": { "line": 26, "column": 0 }
      },
      "26": {
        "start": { "line": 27, "column": 0 },
        "end": { "line": 27, "column": 74 }
      },
      "27": {
        "start": { "line": 28, "column": 0 },
        "end": { "line": 28, "column": 33 }
      },
      "28": {
        "start": { "line": 29, "column": 0 },
        "end": { "line": 29, "column": 37 }
      },
      "29": {
        "start": { "line": 30, "column": 0 },
        "end": { "line": 30, "column": 21 }
      },
      "30": {
        "start": { "line": 31, "column": 0 },
        "end": { "line": 31, "column": 3 }
      },
      "31": {
        "start": { "line": 32, "column": 0 },
        "end": { "line": 32, "column": 0 }
      },
      "32": {
        "start": { "line": 33, "column": 0 },
        "end": { "line": 33, "column": 52 }
      },
      "33": {
        "start": { "line": 34, "column": 0 },
        "end": { "line": 34, "column": 57 }
      },
      "34": {
        "start": { "line": 35, "column": 0 },
        "end": { "line": 35, "column": 58 }
      },
      "35": {
        "start": { "line": 36, "column": 0 },
        "end": { "line": 36, "column": 68 }
      },
      "36": {
        "start": { "line": 37, "column": 0 },
        "end": { "line": 37, "column": 33 }
      },
      "37": {
        "start": { "line": 38, "column": 0 },
        "end": { "line": 38, "column": 33 }
      },
      "38": {
        "start": { "line": 39, "column": 0 },
        "end": { "line": 39, "column": 35 }
      },
      "39": {
        "start": { "line": 40, "column": 0 },
        "end": { "line": 40, "column": 30 }
      },
      "40": {
        "start": { "line": 41, "column": 0 },
        "end": { "line": 41, "column": 8 }
      },
      "41": {
        "start": { "line": 42, "column": 0 },
        "end": { "line": 42, "column": 5 }
      },
      "42": {
        "start": { "line": 43, "column": 0 },
        "end": { "line": 43, "column": 70 }
      },
      "43": {
        "start": { "line": 44, "column": 0 },
        "end": { "line": 44, "column": 54 }
      },
      "44": {
        "start": { "line": 45, "column": 0 },
        "end": { "line": 45, "column": 79 }
      },
      "45": {
        "start": { "line": 46, "column": 0 },
        "end": { "line": 46, "column": 23 }
      },
      "46": {
        "start": { "line": 47, "column": 0 },
        "end": { "line": 47, "column": 3 }
      },
      "47": {
        "start": { "line": 48, "column": 0 },
        "end": { "line": 48, "column": 1 }
      }
    },
    "s": {
      "0": 2,
      "1": 2,
      "2": 2,
      "3": 4,
      "4": 4,
      "5": 4,
      "6": 4,
      "7": 4,
      "8": 96,
      "9": 96,
      "10": 4,
      "11": 30,
      "12": 30,
      "13": 4,
      "14": 6,
      "15": 6,
      "16": 4,
      "17": 30,
      "18": 30,
      "19": 4,
      "20": 18,
      "21": 18,
      "22": 4,
      "23": 30,
      "24": 30,
      "25": 4,
      "26": 4,
      "27": 30,
      "28": 30,
      "29": 30,
      "30": 30,
      "31": 4,
      "32": 4,
      "33": 20,
      "34": 4,
      "35": 4,
      "36": 4,
      "37": 4,
      "38": 4,
      "39": 4,
      "40": 4,
      "41": 4,
      "42": 20,
      "43": 20,
      "44": 20,
      "45": 20,
      "46": 20,
      "47": 4
    },
    "branchMap": {
      "0": {
        "type": "branch",
        "line": 4,
        "loc": {
          "start": { "line": 4, "column": 0 },
          "end": { "line": 48, "column": 1 }
        },
        "locations": [
          {
            "start": { "line": 4, "column": 0 },
            "end": { "line": 48, "column": 1 }
          }
        ]
      },
      "1": {
        "type": "branch",
        "line": 27,
        "loc": {
          "start": { "line": 27, "column": 2 },
          "end": { "line": 31, "column": 3 }
        },
        "locations": [
          {
            "start": { "line": 27, "column": 2 },
            "end": { "line": 31, "column": 3 }
          }
        ]
      },
      "2": {
        "type": "branch",
        "line": 8,
        "loc": {
          "start": { "line": 8, "column": 2 },
          "end": { "line": 10, "column": 3 }
        },
        "locations": [
          {
            "start": { "line": 8, "column": 2 },
            "end": { "line": 10, "column": 3 }
          }
        ]
      },
      "3": {
        "type": "branch",
        "line": 11,
        "loc": {
          "start": { "line": 11, "column": 2 },
          "end": { "line": 13, "column": 3 }
        },
        "locations": [
          {
            "start": { "line": 11, "column": 2 },
            "end": { "line": 13, "column": 3 }
          }
        ]
      },
      "4": {
        "type": "branch",
        "line": 14,
        "loc": {
          "start": { "line": 14, "column": 2 },
          "end": { "line": 16, "column": 3 }
        },
        "locations": [
          {
            "start": { "line": 14, "column": 2 },
            "end": { "line": 16, "column": 3 }
          }
        ]
      },
      "5": {
        "type": "branch",
        "line": 17,
        "loc": {
          "start": { "line": 17, "column": 2 },
          "end": { "line": 19, "column": 3 }
        },
        "locations": [
          {
            "start": { "line": 17, "column": 2 },
            "end": { "line": 19, "column": 3 }
          }
        ]
      },
      "6": {
        "type": "branch",
        "line": 20,
        "loc": {
          "start": { "line": 20, "column": 2 },
          "end": { "line": 22, "column": 3 }
        },
        "locations": [
          {
            "start": { "line": 20, "column": 2 },
            "end": { "line": 22, "column": 3 }
          }
        ]
      },
      "7": {
        "type": "branch",
        "line": 23,
        "loc": {
          "start": { "line": 23, "column": 2 },
          "end": { "line": 25, "column": 3 }
        },
        "locations": [
          {
            "start": { "line": 23, "column": 2 },
            "end": { "line": 25, "column": 3 }
          }
        ]
      },
      "8": {
        "type": "branch",
        "line": 33,
        "loc": {
          "start": { "line": 33, "column": 2 },
          "end": { "line": 47, "column": 3 }
        },
        "locations": [
          {
            "start": { "line": 33, "column": 2 },
            "end": { "line": 47, "column": 3 }
          }
        ]
      },
      "9": {
        "type": "branch",
        "line": 34,
        "loc": {
          "start": { "line": 34, "column": 56 },
          "end": { "line": 42, "column": 5 }
        },
        "locations": [
          {
            "start": { "line": 34, "column": 56 },
            "end": { "line": 42, "column": 5 }
          }
        ]
      },
      "10": {
        "type": "branch",
        "line": 44,
        "loc": {
          "start": { "line": 44, "column": 44 },
          "end": { "line": 44, "column": 54 }
        },
        "locations": [
          {
            "start": { "line": 44, "column": 44 },
            "end": { "line": 44, "column": 54 }
          }
        ]
      }
    },
    "b": {
      "0": [4],
      "1": [30],
      "2": [96],
      "3": [30],
      "4": [6],
      "5": [30],
      "6": [18],
      "7": [30],
      "8": [20],
      "9": [4],
      "10": [2]
    },
    "fnMap": {
      "0": {
        "name": "Player",
        "decl": {
          "start": { "line": 27, "column": 2 },
          "end": { "line": 31, "column": 3 }
        },
        "loc": {
          "start": { "line": 27, "column": 2 },
          "end": { "line": 31, "column": 3 }
        },
        "line": 27
      },
      "1": {
        "name": "get",
        "decl": {
          "start": { "line": 8, "column": 2 },
          "end": { "line": 10, "column": 3 }
        },
        "loc": {
          "start": { "line": 8, "column": 2 },
          "end": { "line": 10, "column": 3 }
        },
        "line": 8
      },
      "2": {
        "name": "set",
        "decl": {
          "start": { "line": 11, "column": 2 },
          "end": { "line": 13, "column": 3 }
        },
        "loc": {
          "start": { "line": 11, "column": 2 },
          "end": { "line": 13, "column": 3 }
        },
        "line": 11
      },
      "3": {
        "name": "get",
        "decl": {
          "start": { "line": 14, "column": 2 },
          "end": { "line": 16, "column": 3 }
        },
        "loc": {
          "start": { "line": 14, "column": 2 },
          "end": { "line": 16, "column": 3 }
        },
        "line": 14
      },
      "4": {
        "name": "set",
        "decl": {
          "start": { "line": 17, "column": 2 },
          "end": { "line": 19, "column": 3 }
        },
        "loc": {
          "start": { "line": 17, "column": 2 },
          "end": { "line": 19, "column": 3 }
        },
        "line": 17
      },
      "5": {
        "name": "get",
        "decl": {
          "start": { "line": 20, "column": 2 },
          "end": { "line": 22, "column": 3 }
        },
        "loc": {
          "start": { "line": 20, "column": 2 },
          "end": { "line": 22, "column": 3 }
        },
        "line": 20
      },
      "6": {
        "name": "set",
        "decl": {
          "start": { "line": 23, "column": 2 },
          "end": { "line": 25, "column": 3 }
        },
        "loc": {
          "start": { "line": 23, "column": 2 },
          "end": { "line": 25, "column": 3 }
        },
        "line": 23
      },
      "7": {
        "name": "Object.<anonymous>.Player.drawCards",
        "decl": {
          "start": { "line": 33, "column": 2 },
          "end": { "line": 47, "column": 3 }
        },
        "loc": {
          "start": { "line": 33, "column": 2 },
          "end": { "line": 47, "column": 3 }
        },
        "line": 33
      }
    },
    "f": {
      "0": 30,
      "1": 96,
      "2": 30,
      "3": 6,
      "4": 30,
      "5": 18,
      "6": 30,
      "7": 20
    }
  },
  "/Users/akmalanvarov/Projects/war-game-rest/src/deckCards.ts": {
    "path": "/Users/akmalanvarov/Projects/war-game-rest/src/deckCards.ts",
    "all": false,
    "statementMap": {
      "0": {
        "start": { "line": 1, "column": 0 },
        "end": { "line": 1, "column": 37 }
      },
      "1": {
        "start": { "line": 2, "column": 0 },
        "end": { "line": 2, "column": 0 }
      },
      "2": {
        "start": { "line": 3, "column": 0 },
        "end": { "line": 3, "column": 34 }
      },
      "3": {
        "start": { "line": 4, "column": 0 },
        "end": { "line": 4, "column": 27 }
      },
      "4": {
        "start": { "line": 5, "column": 0 },
        "end": { "line": 5, "column": 27 }
      },
      "5": {
        "start": { "line": 6, "column": 0 },
        "end": { "line": 6, "column": 27 }
      },
      "6": {
        "start": { "line": 7, "column": 0 },
        "end": { "line": 7, "column": 27 }
      },
      "7": {
        "start": { "line": 8, "column": 0 },
        "end": { "line": 8, "column": 27 }
      },
      "8": {
        "start": { "line": 9, "column": 0 },
        "end": { "line": 9, "column": 27 }
      },
      "9": {
        "start": { "line": 10, "column": 0 },
        "end": { "line": 10, "column": 27 }
      },
      "10": {
        "start": { "line": 11, "column": 0 },
        "end": { "line": 11, "column": 27 }
      },
      "11": {
        "start": { "line": 12, "column": 0 },
        "end": { "line": 12, "column": 27 }
      },
      "12": {
        "start": { "line": 13, "column": 0 },
        "end": { "line": 13, "column": 27 }
      },
      "13": {
        "start": { "line": 14, "column": 0 },
        "end": { "line": 14, "column": 27 }
      },
      "14": {
        "start": { "line": 15, "column": 0 },
        "end": { "line": 15, "column": 27 }
      },
      "15": {
        "start": { "line": 16, "column": 0 },
        "end": { "line": 16, "column": 27 }
      },
      "16": {
        "start": { "line": 17, "column": 0 },
        "end": { "line": 17, "column": 27 }
      },
      "17": {
        "start": { "line": 18, "column": 0 },
        "end": { "line": 18, "column": 27 }
      },
      "18": {
        "start": { "line": 19, "column": 0 },
        "end": { "line": 19, "column": 27 }
      },
      "19": {
        "start": { "line": 20, "column": 0 },
        "end": { "line": 20, "column": 27 }
      },
      "20": {
        "start": { "line": 21, "column": 0 },
        "end": { "line": 21, "column": 27 }
      },
      "21": {
        "start": { "line": 22, "column": 0 },
        "end": { "line": 22, "column": 27 }
      },
      "22": {
        "start": { "line": 23, "column": 0 },
        "end": { "line": 23, "column": 27 }
      },
      "23": {
        "start": { "line": 24, "column": 0 },
        "end": { "line": 24, "column": 27 }
      },
      "24": {
        "start": { "line": 25, "column": 0 },
        "end": { "line": 25, "column": 27 }
      },
      "25": {
        "start": { "line": 26, "column": 0 },
        "end": { "line": 26, "column": 27 }
      },
      "26": {
        "start": { "line": 27, "column": 0 },
        "end": { "line": 27, "column": 27 }
      },
      "27": {
        "start": { "line": 28, "column": 0 },
        "end": { "line": 28, "column": 27 }
      },
      "28": {
        "start": { "line": 29, "column": 0 },
        "end": { "line": 29, "column": 27 }
      },
      "29": {
        "start": { "line": 30, "column": 0 },
        "end": { "line": 30, "column": 27 }
      },
      "30": {
        "start": { "line": 31, "column": 0 },
        "end": { "line": 31, "column": 27 }
      },
      "31": {
        "start": { "line": 32, "column": 0 },
        "end": { "line": 32, "column": 27 }
      },
      "32": {
        "start": { "line": 33, "column": 0 },
        "end": { "line": 33, "column": 27 }
      },
      "33": {
        "start": { "line": 34, "column": 0 },
        "end": { "line": 34, "column": 27 }
      },
      "34": {
        "start": { "line": 35, "column": 0 },
        "end": { "line": 35, "column": 27 }
      },
      "35": {
        "start": { "line": 36, "column": 0 },
        "end": { "line": 36, "column": 28 }
      },
      "36": {
        "start": { "line": 37, "column": 0 },
        "end": { "line": 37, "column": 28 }
      },
      "37": {
        "start": { "line": 38, "column": 0 },
        "end": { "line": 38, "column": 28 }
      },
      "38": {
        "start": { "line": 39, "column": 0 },
        "end": { "line": 39, "column": 28 }
      },
      "39": {
        "start": { "line": 40, "column": 0 },
        "end": { "line": 40, "column": 27 }
      },
      "40": {
        "start": { "line": 41, "column": 0 },
        "end": { "line": 41, "column": 27 }
      },
      "41": {
        "start": { "line": 42, "column": 0 },
        "end": { "line": 42, "column": 27 }
      },
      "42": {
        "start": { "line": 43, "column": 0 },
        "end": { "line": 43, "column": 27 }
      },
      "43": {
        "start": { "line": 44, "column": 0 },
        "end": { "line": 44, "column": 28 }
      },
      "44": {
        "start": { "line": 45, "column": 0 },
        "end": { "line": 45, "column": 28 }
      },
      "45": {
        "start": { "line": 46, "column": 0 },
        "end": { "line": 46, "column": 28 }
      },
      "46": {
        "start": { "line": 47, "column": 0 },
        "end": { "line": 47, "column": 28 }
      },
      "47": {
        "start": { "line": 48, "column": 0 },
        "end": { "line": 48, "column": 28 }
      },
      "48": {
        "start": { "line": 49, "column": 0 },
        "end": { "line": 49, "column": 28 }
      },
      "49": {
        "start": { "line": 50, "column": 0 },
        "end": { "line": 50, "column": 28 }
      },
      "50": {
        "start": { "line": 51, "column": 0 },
        "end": { "line": 51, "column": 28 }
      },
      "51": {
        "start": { "line": 52, "column": 0 },
        "end": { "line": 52, "column": 28 }
      },
      "52": {
        "start": { "line": 53, "column": 0 },
        "end": { "line": 53, "column": 28 }
      },
      "53": {
        "start": { "line": 54, "column": 0 },
        "end": { "line": 54, "column": 28 }
      },
      "54": {
        "start": { "line": 55, "column": 0 },
        "end": { "line": 55, "column": 28 }
      },
      "55": {
        "start": { "line": 56, "column": 0 },
        "end": { "line": 56, "column": 2 }
      },
      "56": {
        "start": { "line": 57, "column": 0 },
        "end": { "line": 57, "column": 0 }
      },
      "57": {
        "start": { "line": 58, "column": 0 },
        "end": { "line": 58, "column": 50 }
      },
      "58": {
        "start": { "line": 59, "column": 0 },
        "end": { "line": 59, "column": 49 }
      },
      "59": {
        "start": { "line": 60, "column": 0 },
        "end": { "line": 60, "column": 36 }
      },
      "60": {
        "start": { "line": 61, "column": 0 },
        "end": { "line": 61, "column": 48 }
      }
    },
    "s": {
      "0": 2,
      "1": 2,
      "2": 2,
      "3": 2,
      "4": 2,
      "5": 2,
      "6": 2,
      "7": 2,
      "8": 2,
      "9": 2,
      "10": 2,
      "11": 2,
      "12": 2,
      "13": 2,
      "14": 2,
      "15": 2,
      "16": 2,
      "17": 2,
      "18": 2,
      "19": 2,
      "20": 2,
      "21": 2,
      "22": 2,
      "23": 2,
      "24": 2,
      "25": 2,
      "26": 2,
      "27": 2,
      "28": 2,
      "29": 2,
      "30": 2,
      "31": 2,
      "32": 2,
      "33": 2,
      "34": 2,
      "35": 2,
      "36": 2,
      "37": 2,
      "38": 2,
      "39": 2,
      "40": 2,
      "41": 2,
      "42": 2,
      "43": 2,
      "44": 2,
      "45": 2,
      "46": 2,
      "47": 2,
      "48": 2,
      "49": 2,
      "50": 2,
      "51": 2,
      "52": 2,
      "53": 2,
      "54": 2,
      "55": 2,
      "56": 2,
      "57": 2,
      "58": 2,
      "59": 2,
      "60": 2
    },
    "branchMap": {},
    "b": {},
    "fnMap": {},
    "f": {}
  }
}
