TN:
SF:src/Board.ts
FN:12,Board
FN:5,get
FN:8,set
FN:15,Object.<anonymous>.Board.addToBoard
FNF:4
FNH:4
FNDA:14,Board
FNDA:28,get
FNDA:32,set
FNDA:14,Object.<anonymous>.Board.addToBoard
DA:1,2
DA:2,2
DA:3,4
DA:4,4
DA:5,4
DA:6,28
DA:7,28
DA:8,4
DA:9,32
DA:10,32
DA:11,4
DA:12,4
DA:13,14
DA:14,14
DA:15,4
DA:16,14
DA:17,14
DA:18,14
DA:19,14
DA:20,4
LF:20
LH:20
BRDA:3,0,0,4
BRDA:12,1,0,14
BRDA:5,2,0,28
BRDA:8,3,0,32
BRDA:15,4,0,14
BRF:5
BRH:5
end_of_record
TN:
SF:src/Deck.ts
FN:15,Deck
FN:8,get
FN:11,set
FN:18,Object.<anonymous>.Deck.shuffleDeck
FN:34,Object.<anonymous>.Deck.addToDeck
FNF:5
FNH:5
FNDA:66,Deck
FNDA:94,get
FNDA:102,set
FNDA:8,Object.<anonymous>.Deck.shuffleDeck
FNDA:6,Object.<anonymous>.Deck.addToDeck
DA:1,2
DA:2,2
DA:3,2
DA:4,2
DA:5,2
DA:6,6
DA:7,6
DA:8,6
DA:9,94
DA:10,94
DA:11,6
DA:12,102
DA:13,102
DA:14,6
DA:15,6
DA:16,66
DA:17,66
DA:18,6
DA:19,8
DA:20,8
DA:21,8
DA:22,8
DA:23,222
DA:24,222
DA:25,222
DA:26,222
DA:27,222
DA:28,222
DA:29,222
DA:30,8
DA:31,8
DA:32,8
DA:33,6
DA:34,6
DA:35,6
DA:36,6
DA:37,6
DA:38,6
LF:38
LH:38
BRDA:6,0,0,6
BRDA:15,1,0,66
BRDA:16,2,0,64
BRDA:16,3,0,2
BRDA:8,4,0,94
BRDA:11,5,0,102
BRDA:18,6,0,8
BRDA:22,7,0,222
BRDA:34,8,0,6
BRF:9
BRH:9
end_of_record
TN:
SF:src/Game.ts
FN:42,Game
FN:10,get
FN:13,set
FN:16,get
FN:19,set
FN:23,get
FN:26,set
FN:29,get
FN:32,set
FN:35,get
FN:38,set
FN:49,Object.<anonymous>.Game.nextMove
FN:58,Object.<anonymous>.Game.play
FN:90,Object.<anonymous>.Game.compareCards
FNF:14
FNH:14
FNDA:10,Game
FNDA:10,get
FNDA:10,set
FNDA:16,get
FNDA:10,set
FNDA:6,get
FNDA:16,set
FNDA:26,get
FNDA:10,set
FNDA:6,get
FNDA:10,set
FNDA:12,Object.<anonymous>.Game.nextMove
FNDA:2,Object.<anonymous>.Game.play
FNDA:4,Object.<anonymous>.Game.compareCards
DA:1,2
DA:2,2
DA:3,2
DA:4,2
DA:5,2
DA:6,2
DA:7,2
DA:8,2
DA:9,2
DA:10,2
DA:11,10
DA:12,10
DA:13,2
DA:14,10
DA:15,10
DA:16,2
DA:17,16
DA:18,16
DA:19,2
DA:20,10
DA:21,10
DA:22,2
DA:23,2
DA:24,6
DA:25,6
DA:26,2
DA:27,16
DA:28,16
DA:29,2
DA:30,26
DA:31,26
DA:32,2
DA:33,10
DA:34,10
DA:35,2
DA:36,6
DA:37,6
DA:38,2
DA:39,10
DA:40,10
DA:41,2
DA:42,2
DA:43,10
DA:44,10
DA:45,10
DA:46,10
DA:47,10
DA:48,10
DA:49,2
DA:50,12
DA:51,12
DA:52,0
DA:53,0
DA:54,0
DA:55,0
DA:56,12
DA:57,12
DA:58,2
DA:59,2
DA:60,2
DA:61,2
DA:62,2
DA:63,2
DA:64,2
DA:65,2
DA:66,2
DA:67,2
DA:68,2
DA:69,2
DA:70,0
DA:71,0
DA:72,0
DA:73,0
DA:74,0
DA:75,0
DA:76,0
DA:77,0
DA:78,0
DA:79,0
DA:80,0
DA:81,0
DA:82,0
DA:83,0
DA:84,2
DA:85,0
DA:86,0
DA:87,0
DA:88,2
DA:89,2
DA:90,2
DA:91,4
DA:92,4
DA:93,4
DA:94,4
DA:95,4
DA:96,4
DA:97,4
DA:98,2
DA:99,2
DA:100,2
DA:101,2
DA:102,2
DA:103,2
DA:104,2
DA:105,2
DA:106,2
DA:107,2
DA:108,2
DA:109,2
DA:110,2
DA:111,0
DA:112,0
DA:113,0
DA:114,4
DA:115,2
LF:115
LH:91
BRDA:4,0,0,2
BRDA:42,1,0,10
BRDA:10,2,0,10
BRDA:13,3,0,10
BRDA:16,4,0,16
BRDA:19,5,0,10
BRDA:23,6,0,6
BRDA:26,7,0,16
BRDA:29,8,0,26
BRDA:32,9,0,10
BRDA:35,10,0,6
BRDA:38,11,0,10
BRDA:49,12,0,12
BRDA:51,13,0,0
BRDA:58,14,0,2
BRDA:62,15,0,0
BRDA:65,16,0,0
BRDA:69,17,0,0
BRDA:84,18,0,0
BRDA:90,19,0,4
BRDA:97,20,0,2
BRDA:110,21,0,0
BRF:22
BRH:16
end_of_record
TN:
SF:src/Player.ts
FN:27,Player
FN:8,get
FN:11,set
FN:14,get
FN:17,set
FN:20,get
FN:23,set
FN:33,Object.<anonymous>.Player.drawCards
FNF:8
FNH:8
FNDA:30,Player
FNDA:96,get
FNDA:30,set
FNDA:6,get
FNDA:30,set
FNDA:18,get
FNDA:30,set
FNDA:20,Object.<anonymous>.Player.drawCards
DA:1,2
DA:2,2
DA:3,2
DA:4,4
DA:5,4
DA:6,4
DA:7,4
DA:8,4
DA:9,96
DA:10,96
DA:11,4
DA:12,30
DA:13,30
DA:14,4
DA:15,6
DA:16,6
DA:17,4
DA:18,30
DA:19,30
DA:20,4
DA:21,18
DA:22,18
DA:23,4
DA:24,30
DA:25,30
DA:26,4
DA:27,4
DA:28,30
DA:29,30
DA:30,30
DA:31,30
DA:32,4
DA:33,4
DA:34,20
DA:35,4
DA:36,4
DA:37,4
DA:38,4
DA:39,4
DA:40,4
DA:41,4
DA:42,4
DA:43,20
DA:44,20
DA:45,20
DA:46,20
DA:47,20
DA:48,4
LF:48
LH:48
BRDA:4,0,0,4
BRDA:27,1,0,30
BRDA:8,2,0,96
BRDA:11,3,0,30
BRDA:14,4,0,6
BRDA:17,5,0,30
BRDA:20,6,0,18
BRDA:23,7,0,30
BRDA:33,8,0,20
BRDA:34,9,0,4
BRDA:44,10,0,2
BRF:11
BRH:11
end_of_record
TN:
SF:src/deckCards.ts
FNF:0
FNH:0
DA:1,2
DA:2,2
DA:3,2
DA:4,2
DA:5,2
DA:6,2
DA:7,2
DA:8,2
DA:9,2
DA:10,2
DA:11,2
DA:12,2
DA:13,2
DA:14,2
DA:15,2
DA:16,2
DA:17,2
DA:18,2
DA:19,2
DA:20,2
DA:21,2
DA:22,2
DA:23,2
DA:24,2
DA:25,2
DA:26,2
DA:27,2
DA:28,2
DA:29,2
DA:30,2
DA:31,2
DA:32,2
DA:33,2
DA:34,2
DA:35,2
DA:36,2
DA:37,2
DA:38,2
DA:39,2
DA:40,2
DA:41,2
DA:42,2
DA:43,2
DA:44,2
DA:45,2
DA:46,2
DA:47,2
DA:48,2
DA:49,2
DA:50,2
DA:51,2
DA:52,2
DA:53,2
DA:54,2
DA:55,2
DA:56,2
DA:57,2
DA:58,2
DA:59,2
DA:60,2
DA:61,2
LF:61
LH:61
BRF:0
BRH:0
end_of_record
