TN:
SF:src/Board.ts
FN:12,Board
FN:5,get
FN:8,set
FN:15,Object.<anonymous>.Board.addToBoard
FNF:4
FNH:4
FNDA:7,Board
FNDA:14,get
FNDA:16,set
FNDA:7,Object.<anonymous>.Board.addToBoard
DA:1,1
DA:2,1
DA:3,2
DA:4,2
DA:5,2
DA:6,14
DA:7,14
DA:8,2
DA:9,16
DA:10,16
DA:11,2
DA:12,2
DA:13,7
DA:14,7
DA:15,2
DA:16,7
DA:17,7
DA:18,7
DA:19,7
DA:20,2
LF:20
LH:20
BRDA:3,0,0,2
BRDA:12,1,0,7
BRDA:5,2,0,14
BRDA:8,3,0,16
BRDA:15,4,0,7
BRF:5
BRH:5
end_of_record
TN:
SF:src/Deck.ts
FN:15,Deck
FN:8,get
FN:11,set
FN:18,Object.<anonymous>.Deck.shuffleDeck
FN:34,Object.<anonymous>.Deck.addToDeck
FNF:5
FNH:5
FNDA:33,Deck
FNDA:47,get
FNDA:51,set
FNDA:4,Object.<anonymous>.Deck.shuffleDeck
FNDA:3,Object.<anonymous>.Deck.addToDeck
DA:1,1
DA:2,1
DA:3,1
DA:4,1
DA:5,1
DA:6,3
DA:7,3
DA:8,3
DA:9,47
DA:10,47
DA:11,3
DA:12,51
DA:13,51
DA:14,3
DA:15,3
DA:16,33
DA:17,33
DA:18,3
DA:19,4
DA:20,4
DA:21,4
DA:22,4
DA:23,111
DA:24,111
DA:25,111
DA:26,111
DA:27,111
DA:28,111
DA:29,111
DA:30,4
DA:31,4
DA:32,4
DA:33,3
DA:34,3
DA:35,3
DA:36,3
DA:37,3
DA:38,3
LF:38
LH:38
BRDA:6,0,0,3
BRDA:15,1,0,33
BRDA:16,2,0,32
BRDA:16,3,0,1
BRDA:8,4,0,47
BRDA:11,5,0,51
BRDA:18,6,0,4
BRDA:22,7,0,111
BRDA:34,8,0,3
BRF:9
BRH:9
end_of_record
TN:
SF:src/Game.ts
FN:53,Game
FN:15,get
FN:18,set
FN:21,get
FN:24,set
FN:27,get
FN:30,set
FN:34,get
FN:37,set
FN:40,get
FN:43,set
FN:46,get
FN:49,set
FN:61,Object.<anonymous>.Game.nextMove
FN:70,Object.<anonymous>.Game.play
FN:102,Object.<anonymous>.Game.compareCards
FNF:16
FNH:16
FNDA:5,Game
FNDA:7,get
FNDA:5,set
FNDA:5,get
FNDA:5,set
FNDA:8,get
FNDA:5,set
FNDA:3,get
FNDA:8,set
FNDA:13,get
FNDA:5,set
FNDA:3,get
FNDA:5,set
FNDA:6,Object.<anonymous>.Game.nextMove
FNDA:1,Object.<anonymous>.Game.play
FNDA:2,Object.<anonymous>.Game.compareCards
DA:1,1
DA:2,1
DA:3,1
DA:4,1
DA:5,1
DA:6,1
DA:7,1
DA:8,1
DA:9,1
DA:10,1
DA:11,1
DA:12,1
DA:13,1
DA:14,1
DA:15,1
DA:16,7
DA:17,7
DA:18,1
DA:19,5
DA:20,5
DA:21,1
DA:22,5
DA:23,5
DA:24,1
DA:25,5
DA:26,5
DA:27,1
DA:28,8
DA:29,8
DA:30,1
DA:31,5
DA:32,5
DA:33,1
DA:34,1
DA:35,3
DA:36,3
DA:37,1
DA:38,8
DA:39,8
DA:40,1
DA:41,13
DA:42,13
DA:43,1
DA:44,5
DA:45,5
DA:46,1
DA:47,3
DA:48,3
DA:49,1
DA:50,5
DA:51,5
DA:52,1
DA:53,1
DA:54,5
DA:55,5
DA:56,5
DA:57,5
DA:58,5
DA:59,5
DA:60,5
DA:61,1
DA:62,6
DA:63,6
DA:64,0
DA:65,0
DA:66,0
DA:67,0
DA:68,6
DA:69,6
DA:70,1
DA:71,1
DA:72,1
DA:73,1
DA:74,1
DA:75,1
DA:76,1
DA:77,1
DA:78,1
DA:79,1
DA:80,1
DA:81,1
DA:82,0
DA:83,0
DA:84,0
DA:85,0
DA:86,0
DA:87,0
DA:88,0
DA:89,0
DA:90,0
DA:91,0
DA:92,0
DA:93,0
DA:94,0
DA:95,0
DA:96,1
DA:97,0
DA:98,0
DA:99,0
DA:100,1
DA:101,1
DA:102,1
DA:103,2
DA:104,2
DA:105,2
DA:106,2
DA:107,2
DA:108,2
DA:109,2
DA:110,1
DA:111,1
DA:112,1
DA:113,1
DA:114,1
DA:115,1
DA:116,1
DA:117,1
DA:118,1
DA:119,1
DA:120,1
DA:121,1
DA:122,1
DA:123,0
DA:124,0
DA:125,0
DA:126,2
DA:127,1
LF:127
LH:103
BRDA:9,0,0,1
BRDA:53,1,0,5
BRDA:15,2,0,7
BRDA:18,3,0,5
BRDA:21,4,0,5
BRDA:24,5,0,5
BRDA:27,6,0,8
BRDA:30,7,0,5
BRDA:34,8,0,3
BRDA:37,9,0,8
BRDA:40,10,0,13
BRDA:43,11,0,5
BRDA:46,12,0,3
BRDA:49,13,0,5
BRDA:61,14,0,6
BRDA:63,15,0,0
BRDA:70,16,0,1
BRDA:74,17,0,0
BRDA:77,18,0,0
BRDA:81,19,0,0
BRDA:96,20,0,0
BRDA:102,21,0,2
BRDA:109,22,0,1
BRDA:122,23,0,0
BRF:24
BRH:18
end_of_record
TN:
SF:src/Player.ts
FN:27,Player
FN:8,get
FN:11,set
FN:14,get
FN:17,set
FN:20,get
FN:23,set
FN:33,Object.<anonymous>.Player.drawCards
FNF:8
FNH:8
FNDA:15,Player
FNDA:48,get
FNDA:15,set
FNDA:3,get
FNDA:15,set
FNDA:9,get
FNDA:15,set
FNDA:10,Object.<anonymous>.Player.drawCards
DA:1,1
DA:2,1
DA:3,1
DA:4,2
DA:5,2
DA:6,2
DA:7,2
DA:8,2
DA:9,48
DA:10,48
DA:11,2
DA:12,15
DA:13,15
DA:14,2
DA:15,3
DA:16,3
DA:17,2
DA:18,15
DA:19,15
DA:20,2
DA:21,9
DA:22,9
DA:23,2
DA:24,15
DA:25,15
DA:26,2
DA:27,2
DA:28,15
DA:29,15
DA:30,15
DA:31,15
DA:32,2
DA:33,2
DA:34,10
DA:35,2
DA:36,2
DA:37,2
DA:38,2
DA:39,2
DA:40,2
DA:41,2
DA:42,2
DA:43,10
DA:44,10
DA:45,9
DA:46,9
DA:47,9
DA:48,9
DA:49,2
LF:49
LH:49
BRDA:4,0,0,2
BRDA:27,1,0,15
BRDA:8,2,0,48
BRDA:11,3,0,15
BRDA:14,4,0,3
BRDA:17,5,0,15
BRDA:20,6,0,9
BRDA:23,7,0,15
BRDA:33,8,0,10
BRDA:34,9,0,2
BRDA:44,10,0,1
BRDA:45,11,0,9
BRF:12
BRH:12
end_of_record
TN:
SF:src/deckCards.ts
FNF:0
FNH:0
DA:1,1
DA:2,1
DA:3,1
DA:4,1
DA:5,1
DA:6,1
DA:7,1
DA:8,1
DA:9,1
DA:10,1
DA:11,1
DA:12,1
DA:13,1
DA:14,1
DA:15,1
DA:16,1
DA:17,1
DA:18,1
DA:19,1
DA:20,1
DA:21,1
DA:22,1
DA:23,1
DA:24,1
DA:25,1
DA:26,1
DA:27,1
DA:28,1
DA:29,1
DA:30,1
DA:31,1
DA:32,1
DA:33,1
DA:34,1
DA:35,1
DA:36,1
DA:37,1
DA:38,1
DA:39,1
DA:40,1
DA:41,1
DA:42,1
DA:43,1
DA:44,1
DA:45,1
DA:46,1
DA:47,1
DA:48,1
DA:49,1
DA:50,1
DA:51,1
DA:52,1
DA:53,1
DA:54,1
DA:55,1
DA:56,1
DA:57,1
DA:58,1
DA:59,1
DA:60,1
DA:61,1
LF:61
LH:61
BRF:0
BRH:0
end_of_record
